<?xml version="1.0" encoding="UTF-8"?>
<coverage generated="1503399143030" clover="3.2.0">
  <project timestamp="1503399143031" name="All files">
    <metrics statements="86" coveredstatements="82" conditionals="24" coveredconditionals="21" methods="42" coveredmethods="39" elements="152" coveredelements="142" complexity="0" loc="86" ncloc="86" packages="11" files="21" classes="21">
      <package name="app">
        <metrics statements="2" coveredstatements="2" conditionals="2" coveredconditionals="2" methods="1" coveredmethods="1"/>
        <file name="App.js" path="/Users/adrian/Mobile/starter/app/App.js">
          <metrics statements="2" coveredstatements="2" conditionals="2" coveredconditionals="2" methods="1" coveredmethods="1"/>
          <line num="20" count="1" type="stmt"/>
          <line num="34" count="1" type="stmt"/>
        </file>
      </package>
      <package name="app.components">
        <metrics statements="1" coveredstatements="1" conditionals="0" coveredconditionals="0" methods="1" coveredmethods="1"/>
        <file name="StyledText.js" path="/Users/adrian/Mobile/starter/app/components/StyledText.js">
          <metrics statements="1" coveredstatements="1" conditionals="0" coveredconditionals="0" methods="1" coveredmethods="1"/>
          <line num="8" count="1" type="stmt"/>
        </file>
      </package>
      <package name="app.constants">
        <metrics statements="1" coveredstatements="1" conditionals="0" coveredconditionals="0" methods="0" coveredmethods="0"/>
        <file name="Colors.js" path="/Users/adrian/Mobile/starter/app/constants/Colors.js">
          <metrics statements="1" coveredstatements="1" conditionals="0" coveredconditionals="0" methods="0" coveredmethods="0"/>
          <line num="1" count="1" type="stmt"/>
        </file>
      </package>
      <package name="app.navigation">
        <metrics statements="11" coveredstatements="11" conditionals="4" coveredconditionals="4" methods="4" coveredmethods="4"/>
        <file name="AppWithNavigationState.js" path="/Users/adrian/Mobile/starter/app/navigation/AppWithNavigationState.js">
          <metrics statements="4" coveredstatements="4" conditionals="0" coveredconditionals="0" methods="2" coveredmethods="2"/>
          <line num="13" count="1" type="stmt"/>
          <line num="14" count="1" type="stmt"/>
          <line num="18" count="1" type="stmt"/>
          <line num="23" count="1" type="stmt"/>
        </file>
        <file name="MainTabNavigator.js" path="/Users/adrian/Mobile/starter/app/navigation/MainTabNavigator.js">
          <metrics statements="7" coveredstatements="7" conditionals="4" coveredconditionals="4" methods="2" coveredmethods="2"/>
          <line num="29" count="7" type="stmt"/>
          <line num="31" count="4" type="stmt"/>
          <line num="33" count="4" type="cond" truecount="2" falsecount="0"/>
          <line num="35" count="2" type="stmt"/>
          <line num="40" count="2" type="stmt"/>
          <line num="42" count="2" type="stmt"/>
          <line num="48" count="4" type="stmt"/>
        </file>
      </package>
      <package name="app.redux">
        <metrics statements="5" coveredstatements="5" conditionals="0" coveredconditionals="0" methods="1" coveredmethods="1"/>
        <file name="configureStore.js" path="/Users/adrian/Mobile/starter/app/redux/configureStore.js">
          <metrics statements="5" coveredstatements="5" conditionals="0" coveredconditionals="0" methods="1" coveredmethods="1"/>
          <line num="16" count="1" type="stmt"/>
          <line num="17" count="1" type="stmt"/>
          <line num="19" count="1" type="stmt"/>
          <line num="26" count="1" type="stmt"/>
          <line num="34" count="1" type="stmt"/>
        </file>
      </package>
      <package name="app.redux.modules">
        <metrics statements="3" coveredstatements="3" conditionals="1" coveredconditionals="1" methods="1" coveredmethods="1"/>
        <file name="navigation.js" path="/Users/adrian/Mobile/starter/app/redux/modules/navigation.js">
          <metrics statements="3" coveredstatements="3" conditionals="1" coveredconditionals="1" methods="1" coveredmethods="1"/>
          <line num="10" count="1" type="stmt"/>
          <line num="11" count="1" type="stmt"/>
          <line num="14" count="1" type="stmt"/>
        </file>
      </package>
      <package name="app.redux.modules.repositories">
        <metrics statements="38" coveredstatements="38" conditionals="8" coveredconditionals="7" methods="21" coveredmethods="21"/>
        <file name="actions.js" path="/Users/adrian/Mobile/starter/app/redux/modules/repositories/actions.js">
          <metrics statements="3" coveredstatements="3" conditionals="0" coveredconditionals="0" methods="3" coveredmethods="3"/>
          <line num="26" count="2" type="stmt"/>
          <line num="40" count="3" type="stmt"/>
          <line num="55" count="3" type="stmt"/>
        </file>
        <file name="constants.js" path="/Users/adrian/Mobile/starter/app/redux/modules/repositories/constants.js">
          <metrics statements="4" coveredstatements="4" conditionals="0" coveredconditionals="0" methods="0" coveredmethods="0"/>
          <line num="5" count="5" type="stmt"/>
          <line num="6" count="5" type="stmt"/>
          <line num="7" count="5" type="stmt"/>
          <line num="8" count="5" type="stmt"/>
        </file>
        <file name="epics.js" path="/Users/adrian/Mobile/starter/app/redux/modules/repositories/epics.js">
          <metrics statements="8" coveredstatements="8" conditionals="1" coveredconditionals="1" methods="6" coveredmethods="6"/>
          <line num="16" count="3" type="stmt"/>
          <line num="21" count="2" type="stmt"/>
          <line num="23" count="1" type="stmt"/>
          <line num="28" count="2" type="cond" truecount="1" falsecount="0"/>
          <line num="29" count="3" type="stmt"/>
          <line num="32" count="2" type="stmt"/>
          <line num="33" count="1" type="stmt"/>
          <line num="34" count="1" type="stmt"/>
        </file>
        <file name="reducer.js" path="/Users/adrian/Mobile/starter/app/redux/modules/repositories/reducer.js">
          <metrics statements="6" coveredstatements="6" conditionals="5" coveredconditionals="5" methods="1" coveredmethods="1"/>
          <line num="18" count="2" type="stmt"/>
          <line num="28" count="5" type="cond" truecount="4" falsecount="0"/>
          <line num="30" count="1" type="stmt"/>
          <line num="35" count="1" type="stmt"/>
          <line num="40" count="1" type="stmt"/>
          <line num="42" count="2" type="stmt"/>
        </file>
        <file name="selectors.js" path="/Users/adrian/Mobile/starter/app/redux/modules/repositories/selectors.js">
          <metrics statements="17" coveredstatements="17" conditionals="2" coveredconditionals="1" methods="11" coveredmethods="11"/>
          <line num="7" count="8" type="stmt"/>
          <line num="9" count="3" type="stmt"/>
          <line num="10" count="1" type="stmt"/>
          <line num="12" count="3" type="stmt"/>
          <line num="13" count="3" type="stmt"/>
          <line num="15" count="3" type="stmt"/>
          <line num="16" count="3" type="stmt"/>
          <line num="18" count="3" type="stmt"/>
          <line num="19" count="3" type="stmt"/>
          <line num="20" count="2" type="stmt"/>
          <line num="23" count="3" type="stmt"/>
          <line num="27" count="1" type="stmt"/>
          <line num="28" count="1" type="stmt"/>
          <line num="30" count="1" type="cond" truecount="1" falsecount="1"/>
          <line num="31" count="1" type="stmt"/>
          <line num="32" count="1" type="stmt"/>
          <line num="35" count="1" type="stmt"/>
        </file>
      </package>
      <package name="app.redux.modules.username">
        <metrics statements="9" coveredstatements="9" conditionals="3" coveredconditionals="3" methods="5" coveredmethods="5"/>
        <file name="actions.js" path="/Users/adrian/Mobile/starter/app/redux/modules/username/actions.js">
          <metrics statements="1" coveredstatements="1" conditionals="0" coveredconditionals="0" methods="1" coveredmethods="1"/>
          <line num="28" count="2" type="stmt"/>
        </file>
        <file name="constants.js" path="/Users/adrian/Mobile/starter/app/redux/modules/username/constants.js">
          <metrics statements="1" coveredstatements="1" conditionals="0" coveredconditionals="0" methods="0" coveredmethods="0"/>
          <line num="5" count="4" type="stmt"/>
        </file>
        <file name="reducer.js" path="/Users/adrian/Mobile/starter/app/redux/modules/username/reducer.js">
          <metrics statements="4" coveredstatements="4" conditionals="3" coveredconditionals="3" methods="1" coveredmethods="1"/>
          <line num="17" count="2" type="stmt"/>
          <line num="22" count="3" type="cond" truecount="2" falsecount="0"/>
          <line num="25" count="1" type="stmt"/>
          <line num="27" count="2" type="stmt"/>
        </file>
        <file name="selectors.js" path="/Users/adrian/Mobile/starter/app/redux/modules/username/selectors.js">
          <metrics statements="3" coveredstatements="3" conditionals="0" coveredconditionals="0" methods="3" coveredmethods="3"/>
          <line num="7" count="6" type="stmt"/>
          <line num="9" count="4" type="stmt"/>
          <line num="10" count="6" type="stmt"/>
        </file>
      </package>
      <package name="app.screens.HomeScreen">
        <metrics statements="13" coveredstatements="9" conditionals="6" coveredconditionals="4" methods="6" coveredmethods="3"/>
        <file name="Form.js" path="/Users/adrian/Mobile/starter/app/screens/HomeScreen/Form.js">
          <metrics statements="1" coveredstatements="1" conditionals="0" coveredconditionals="0" methods="0" coveredmethods="0"/>
          <line num="3" count="2" type="stmt"/>
        </file>
        <file name="Input.js" path="/Users/adrian/Mobile/starter/app/screens/HomeScreen/Input.js">
          <metrics statements="1" coveredstatements="1" conditionals="0" coveredconditionals="0" methods="0" coveredmethods="0"/>
          <line num="3" count="2" type="stmt"/>
        </file>
        <file name="index.js" path="/Users/adrian/Mobile/starter/app/screens/HomeScreen/index.js">
          <metrics statements="11" coveredstatements="7" conditionals="6" coveredconditionals="4" methods="6" coveredmethods="3"/>
          <line num="39" count="2" type="cond" truecount="2" falsecount="2"/>
          <line num="40" count="0" type="stmt"/>
          <line num="45" count="2" type="stmt"/>
          <line num="52" count="2" type="stmt"/>
          <line num="76" count="0" type="stmt"/>
          <line num="89" count="2" type="stmt"/>
          <line num="178" count="2" type="stmt"/>
          <line num="188" count="1" type="stmt"/>
          <line num="190" count="0" type="stmt"/>
          <line num="193" count="0" type="stmt"/>
          <line num="198" count="2" type="stmt"/>
        </file>
      </package>
      <package name="app.screens.InfoScreen">
        <metrics statements="1" coveredstatements="1" conditionals="0" coveredconditionals="0" methods="1" coveredmethods="1"/>
        <file name="index.js" path="/Users/adrian/Mobile/starter/app/screens/InfoScreen/index.js">
          <metrics statements="1" coveredstatements="1" conditionals="0" coveredconditionals="0" methods="1" coveredmethods="1"/>
          <line num="12" count="1" type="stmt"/>
        </file>
      </package>
      <package name="app.utils">
        <metrics statements="2" coveredstatements="2" conditionals="0" coveredconditionals="0" methods="1" coveredmethods="1"/>
        <file name="indirect.js" path="/Users/adrian/Mobile/starter/app/utils/indirect.js">
          <metrics statements="2" coveredstatements="2" conditionals="0" coveredconditionals="0" methods="1" coveredmethods="1"/>
          <line num="1" count="3" type="stmt"/>
          <line num="2" count="1" type="stmt"/>
        </file>
      </package>
    </metrics>
  </project>
</coverage>
