<?xml version="1.0" encoding="UTF-8"?>
<coverage generated="1502311581911" clover="3.2.0">
  <project timestamp="1502311581912" name="All files">
    <metrics statements="138" coveredstatements="44" conditionals="217" coveredconditionals="22" methods="82" coveredmethods="17" elements="437" coveredelements="83" complexity="0" loc="138" ncloc="138" packages="13" files="22" classes="22">
      <package name="api">
        <metrics statements="6" coveredstatements="2" conditionals="2" coveredconditionals="0" methods="1" coveredmethods="1"/>
        <file name="registerForPushNotificationsAsync.js" path="/Users/adrian/Mobile/starter/api/registerForPushNotificationsAsync.js">
          <metrics statements="6" coveredstatements="2" conditionals="2" coveredconditionals="0" methods="1" coveredmethods="1"/>
          <line num="5" count="1" type="stmt"/>
          <line num="10" count="2" type="stmt"/>
          <line num="13" count="0" type="cond" truecount="0" falsecount="2"/>
          <line num="14" count="0" type="stmt"/>
          <line num="18" count="0" type="stmt"/>
          <line num="21" count="0" type="stmt"/>
        </file>
      </package>
      <package name="app">
        <metrics statements="10" coveredstatements="8" conditionals="8" coveredconditionals="7" methods="3" coveredmethods="3"/>
        <file name="App.js" path="/Users/adrian/Mobile/starter/app/App.js">
          <metrics statements="10" coveredstatements="8" conditionals="8" coveredconditionals="7" methods="3" coveredmethods="3"/>
          <line num="27" count="2" type="stmt"/>
          <line num="31" count="2" type="stmt"/>
          <line num="32" count="2" type="stmt"/>
          <line num="48" count="0" type="stmt"/>
          <line num="52" count="0" type="stmt"/>
          <line num="54" count="2" type="stmt"/>
          <line num="59" count="4" type="cond" truecount="4" falsecount="0"/>
          <line num="60" count="1" type="stmt"/>
          <line num="62" count="3" type="stmt"/>
          <line num="76" count="1" type="stmt"/>
        </file>
      </package>
      <package name="app.api">
        <metrics statements="8" coveredstatements="0" conditionals="8" coveredconditionals="0" methods="2" coveredmethods="0"/>
        <file name="registerForPushNotificationsAsync.js" path="/Users/adrian/Mobile/starter/app/api/registerForPushNotificationsAsync.js">
          <metrics statements="8" coveredstatements="0" conditionals="8" coveredconditionals="0" methods="2" coveredmethods="0"/>
          <line num="1" count="0" type="stmt"/>
          <line num="2" count="0" type="stmt"/>
          <line num="5" count="0" type="stmt"/>
          <line num="7" count="0" type="cond" truecount="0" falsecount="6"/>
          <line num="10" count="0" type="cond" truecount="0" falsecount="2"/>
          <line num="13" count="0" type="stmt"/>
          <line num="18" count="0" type="stmt"/>
          <line num="29" count="0" type="stmt"/>
        </file>
      </package>
      <package name="app.components">
        <metrics statements="6" coveredstatements="0" conditionals="37" coveredconditionals="0" methods="11" coveredmethods="0"/>
        <file name="StyledText.js" path="/Users/adrian/Mobile/starter/app/components/StyledText.js">
          <metrics statements="6" coveredstatements="0" conditionals="37" coveredconditionals="0" methods="11" coveredmethods="0"/>
          <line num="1" count="0" type="cond" truecount="0" falsecount="12"/>
          <line num="3" count="0" type="stmt"/>
          <line num="4" count="0" type="cond" truecount="0" falsecount="23"/>
          <line num="6" count="0" type="cond" truecount="0" falsecount="2"/>
          <line num="8" count="0" type="stmt"/>
          <line num="9" count="0" type="stmt"/>
        </file>
      </package>
      <package name="app.constants">
        <metrics statements="4" coveredstatements="0" conditionals="0" coveredconditionals="0" methods="0" coveredmethods="0"/>
        <file name="Colors.js" path="/Users/adrian/Mobile/starter/app/constants/Colors.js">
          <metrics statements="1" coveredstatements="0" conditionals="0" coveredconditionals="0" methods="0" coveredmethods="0"/>
          <line num="1" count="0" type="stmt"/>
        </file>
        <file name="Layout.js" path="/Users/adrian/Mobile/starter/app/constants/Layout.js">
          <metrics statements="3" coveredstatements="0" conditionals="0" coveredconditionals="0" methods="0" coveredmethods="0"/>
          <line num="1" count="0" type="stmt"/>
          <line num="3" count="0" type="stmt"/>
          <line num="4" count="0" type="stmt"/>
        </file>
      </package>
      <package name="app.navigation">
        <metrics statements="45" coveredstatements="0" conditionals="66" coveredconditionals="0" methods="22" coveredmethods="0"/>
        <file name="AppWithNavigationState.js" path="/Users/adrian/Mobile/starter/app/navigation/AppWithNavigationState.js">
          <metrics statements="10" coveredstatements="0" conditionals="4" coveredconditionals="0" methods="3" coveredmethods="0"/>
          <line num="1" count="0" type="stmt"/>
          <line num="8" count="0" type="stmt"/>
          <line num="9" count="0" type="stmt"/>
          <line num="10" count="0" type="stmt"/>
          <line num="11" count="0" type="stmt"/>
          <line num="12" count="0" type="cond" truecount="0" falsecount="4"/>
          <line num="16" count="0" type="stmt"/>
          <line num="19" count="0" type="stmt"/>
          <line num="24" count="0" type="stmt"/>
          <line num="25" count="0" type="stmt"/>
        </file>
        <file name="MainTabNavigator.js" path="/Users/adrian/Mobile/starter/app/navigation/MainTabNavigator.js">
          <metrics statements="17" coveredstatements="0" conditionals="16" coveredconditionals="0" methods="3" coveredmethods="0"/>
          <line num="1" count="0" type="stmt"/>
          <line num="10" count="0" type="stmt"/>
          <line num="11" count="0" type="stmt"/>
          <line num="12" count="0" type="stmt"/>
          <line num="13" count="0" type="stmt"/>
          <line num="15" count="0" type="stmt"/>
          <line num="17" count="0" type="stmt"/>
          <line num="18" count="0" type="cond" truecount="0" falsecount="4"/>
          <line num="30" count="0" type="stmt"/>
          <line num="31" count="0" type="stmt"/>
          <line num="32" count="0" type="stmt"/>
          <line num="33" count="0" type="stmt"/>
          <line num="34" count="0" type="cond" truecount="0" falsecount="2"/>
          <line num="36" count="0" type="stmt"/>
          <line num="40" count="0" type="stmt"/>
          <line num="42" count="0" type="stmt"/>
          <line num="47" count="0" type="stmt"/>
        </file>
        <file name="RootNavigation.js" path="/Users/adrian/Mobile/starter/app/navigation/RootNavigation.js">
          <metrics statements="11" coveredstatements="0" conditionals="35" coveredconditionals="0" methods="14" coveredmethods="0"/>
          <line num="1" count="0" type="cond" truecount="0" falsecount="8"/>
          <line num="3" count="0" type="stmt"/>
          <line num="4" count="0" type="stmt"/>
          <line num="7" count="0" type="stmt"/>
          <line num="8" count="0" type="cond" truecount="0" falsecount="23"/>
          <line num="25" count="0" type="cond" truecount="0" falsecount="2"/>
          <line num="48" count="0" type="stmt"/>
          <line num="50" count="0" type="stmt"/>
          <line num="53" count="0" type="cond" truecount="0" falsecount="2"/>
          <line num="56" count="0" type="stmt"/>
          <line num="57" count="0" type="stmt"/>
        </file>
        <file name="navReducer.js" path="/Users/adrian/Mobile/starter/app/navigation/navReducer.js">
          <metrics statements="7" coveredstatements="0" conditionals="11" coveredconditionals="0" methods="2" coveredmethods="0"/>
          <line num="1" count="0" type="stmt"/>
          <line num="15" count="0" type="cond" truecount="0" falsecount="8"/>
          <line num="16" count="0" type="stmt"/>
          <line num="17" count="0" type="cond" truecount="0" falsecount="1"/>
          <line num="31" count="0" type="stmt"/>
          <line num="32" count="0" type="stmt"/>
          <line num="36" count="0" type="cond" truecount="0" falsecount="2"/>
        </file>
      </package>
      <package name="app.redux">
        <metrics statements="3" coveredstatements="3" conditionals="0" coveredconditionals="0" methods="1" coveredmethods="1"/>
        <file name="configureStore.js" path="/Users/adrian/Mobile/starter/app/redux/configureStore.js">
          <metrics statements="3" coveredstatements="3" conditionals="0" coveredconditionals="0" methods="1" coveredmethods="1"/>
          <line num="11" count="1" type="stmt"/>
          <line num="16" count="2" type="stmt"/>
          <line num="23" count="2" type="stmt"/>
        </file>
      </package>
      <package name="app.redux.modules">
        <metrics statements="0" coveredstatements="0" conditionals="0" coveredconditionals="0" methods="0" coveredmethods="0"/>
        <file name="instructions.js" path="/Users/adrian/Mobile/starter/app/redux/modules/instructions.js">
          <metrics statements="0" coveredstatements="0" conditionals="0" coveredconditionals="0" methods="0" coveredmethods="0"/>
        </file>
      </package>
      <package name="app.screens">
        <metrics statements="19" coveredstatements="0" conditionals="74" coveredconditionals="0" methods="25" coveredmethods="0"/>
        <file name="HomeScreen.js" path="/Users/adrian/Mobile/starter/app/screens/HomeScreen.js">
          <metrics statements="12" coveredstatements="0" conditionals="41" coveredconditionals="0" methods="14" coveredmethods="0"/>
          <line num="1" count="0" type="cond" truecount="0" falsecount="12"/>
          <line num="8" count="0" type="stmt"/>
          <line num="9" count="0" type="stmt"/>
          <line num="18" count="0" type="stmt"/>
          <line num="20" count="0" type="cond" truecount="0" falsecount="23"/>
          <line num="22" count="0" type="cond" truecount="0" falsecount="2"/>
          <line num="51" count="0" type="stmt"/>
          <line num="57" count="0" type="stmt"/>
          <line num="60" count="0" type="cond" truecount="0" falsecount="2"/>
          <line num="63" count="0" type="stmt"/>
          <line num="125" count="0" type="stmt"/>
          <line num="128" count="0" type="stmt"/>
        </file>
        <file name="InfoScreen.js" path="/Users/adrian/Mobile/starter/app/screens/InfoScreen.js">
          <metrics statements="7" coveredstatements="0" conditionals="33" coveredconditionals="0" methods="11" coveredmethods="0"/>
          <line num="1" count="0" type="cond" truecount="0" falsecount="8"/>
          <line num="2" count="0" type="cond" truecount="0" falsecount="23"/>
          <line num="6" count="0" type="stmt"/>
          <line num="9" count="0" type="stmt"/>
          <line num="11" count="0" type="cond" truecount="0" falsecount="2"/>
          <line num="19" count="0" type="stmt"/>
          <line num="20" count="0" type="stmt"/>
        </file>
      </package>
      <package name="components">
        <metrics statements="1" coveredstatements="1" conditionals="0" coveredconditionals="0" methods="1" coveredmethods="1"/>
        <file name="StyledText.js" path="/Users/adrian/Mobile/starter/components/StyledText.js">
          <metrics statements="1" coveredstatements="1" conditionals="0" coveredconditionals="0" methods="1" coveredmethods="1"/>
          <line num="8" count="5" type="stmt"/>
        </file>
      </package>
      <package name="constants">
        <metrics statements="1" coveredstatements="1" conditionals="0" coveredconditionals="0" methods="0" coveredmethods="0"/>
        <file name="Colors.js" path="/Users/adrian/Mobile/starter/constants/Colors.js">
          <metrics statements="1" coveredstatements="1" conditionals="0" coveredconditionals="0" methods="0" coveredmethods="0"/>
          <line num="1" count="1" type="stmt"/>
        </file>
      </package>
      <package name="navigation">
        <metrics statements="24" coveredstatements="22" conditionals="18" coveredconditionals="13" methods="10" coveredmethods="8"/>
        <file name="AppWithNavigationState.js" path="/Users/adrian/Mobile/starter/navigation/AppWithNavigationState.js">
          <metrics statements="4" coveredstatements="4" conditionals="0" coveredconditionals="0" methods="2" coveredmethods="2"/>
          <line num="16" count="1" type="stmt"/>
          <line num="17" count="2" type="stmt"/>
          <line num="19" count="1" type="stmt"/>
          <line num="24" count="2" type="stmt"/>
        </file>
        <file name="MainTabNavigator.js" path="/Users/adrian/Mobile/starter/navigation/MainTabNavigator.js">
          <metrics statements="7" coveredstatements="7" conditionals="12" coveredconditionals="10" methods="2" coveredmethods="2"/>
          <line num="30" count="14" type="stmt"/>
          <line num="32" count="8" type="stmt"/>
          <line num="34" count="8" type="cond" truecount="2" falsecount="0"/>
          <line num="36" count="4" type="stmt"/>
          <line num="40" count="4" type="stmt"/>
          <line num="42" count="4" type="stmt"/>
          <line num="47" count="8" type="stmt"/>
        </file>
        <file name="RootNavigation.js" path="/Users/adrian/Mobile/starter/navigation/RootNavigation.js">
          <metrics statements="6" coveredstatements="4" conditionals="2" coveredconditionals="0" methods="5" coveredmethods="3"/>
          <line num="27" count="2" type="stmt"/>
          <line num="32" count="0" type="cond" truecount="0" falsecount="2"/>
          <line num="40" count="2" type="stmt"/>
          <line num="43" count="2" type="stmt"/>
          <line num="50" count="0" type="stmt"/>
          <line num="56" count="2" type="stmt"/>
        </file>
        <file name="navReducer.js" path="/Users/adrian/Mobile/starter/navigation/navReducer.js">
          <metrics statements="7" coveredstatements="7" conditionals="4" coveredconditionals="3" methods="1" coveredmethods="1"/>
          <line num="7" count="1" type="stmt"/>
          <line num="8" count="1" type="stmt"/>
          <line num="10" count="1" type="stmt"/>
          <line num="17" count="4" type="cond" truecount="1" falsecount="0"/>
          <line num="31" count="4" type="stmt"/>
          <line num="32" count="4" type="stmt"/>
          <line num="36" count="4" type="cond" truecount="1" falsecount="1"/>
        </file>
      </package>
      <package name="screens">
        <metrics statements="11" coveredstatements="7" conditionals="4" coveredconditionals="2" methods="6" coveredmethods="3"/>
        <file name="HomeScreen.js" path="/Users/adrian/Mobile/starter/screens/HomeScreen.js">
          <metrics statements="8" coveredstatements="5" conditionals="4" coveredconditionals="2" methods="4" coveredmethods="2"/>
          <line num="28" count="2" type="cond" truecount="1" falsecount="1"/>
          <line num="30" count="2" type="stmt"/>
          <line num="35" count="2" type="stmt"/>
          <line num="42" count="0" type="stmt"/>
          <line num="51" count="0" type="stmt"/>
          <line num="57" count="0" type="stmt"/>
          <line num="63" count="2" type="stmt"/>
          <line num="128" count="1" type="stmt"/>
        </file>
        <file name="InfoScreen.js" path="/Users/adrian/Mobile/starter/screens/InfoScreen.js">
          <metrics statements="3" coveredstatements="2" conditionals="0" coveredconditionals="0" methods="2" coveredmethods="1"/>
          <line num="6" count="1" type="stmt"/>
          <line num="9" count="1" type="stmt"/>
          <line num="19" count="0" type="stmt"/>
        </file>
      </package>
    </metrics>
  </project>
</coverage>
