{"/Users/adrian/Mobile/starter/app/App.js": {"path":"/Users/adrian/Mobile/starter/app/App.js","statementMap":{"0":{"start":{"line":20,"column":4},"end":{"line":30,"column":6}},"1":{"start":{"line":34,"column":15},"end":{"line":43,"column":2}}},"fnMap":{"0":{"name":"(anonymous_0)","decl":{"start":{"line":19,"column":2},"end":{"line":19,"column":3}},"loc":{"start":{"line":19,"column":11},"end":{"line":31,"column":3}},"line":19}},"branchMap":{"0":{"loc":{"start":{"line":23,"column":11},"end":{"line":23,"column":68}},"type":"binary-expr","locations":[{"start":{"line":23,"column":11},"end":{"line":23,"column":32}},{"start":{"line":23,"column":36},"end":{"line":23,"column":68}}],"line":23}},"s":{"0":1,"1":1},"f":{"0":1},"b":{"0":[1,1]},"_coverageSchema":"332fd63041d2c1bcb487cc26dd0d5f7d97098a6c","hash":"f46c89a821f1be2fbffb3952f037b0c9cd09bd35"}
,"/Users/adrian/Mobile/starter/app/components/StyledText.js": {"path":"/Users/adrian/Mobile/starter/app/components/StyledText.js","statementMap":{"0":{"start":{"line":8,"column":4},"end":{"line":8,"column":63}}},"fnMap":{"0":{"name":"(anonymous_0)","decl":{"start":{"line":7,"column":2},"end":{"line":7,"column":3}},"loc":{"start":{"line":7,"column":11},"end":{"line":9,"column":3}},"line":7}},"branchMap":{},"s":{"0":5},"f":{"0":5},"b":{},"_coverageSchema":"332fd63041d2c1bcb487cc26dd0d5f7d97098a6c","hash":"51119c932168f49e9b4fab1acbebbd248eef86fc"}
,"/Users/adrian/Mobile/starter/app/constants/Colors.js": {"path":"/Users/adrian/Mobile/starter/app/constants/Colors.js","statementMap":{"0":{"start":{"line":1,"column":18},"end":{"line":1,"column":27}}},"fnMap":{},"branchMap":{},"s":{"0":1},"f":{},"b":{},"_coverageSchema":"332fd63041d2c1bcb487cc26dd0d5f7d97098a6c","hash":"85c40291467e59c48cad18c2c5df2677a1c9ab90"}
,"/Users/adrian/Mobile/starter/app/navigation/AppWithNavigationState.js": {"path":"/Users/adrian/Mobile/starter/app/navigation/AppWithNavigationState.js","statementMap":{"0":{"start":{"line":13,"column":31},"end":{"line":16,"column":4}},"1":{"start":{"line":14,"column":2},"end":{"line":16,"column":4}},"2":{"start":{"line":18,"column":0},"end":{"line":21,"column":2}},"3":{"start":{"line":23,"column":24},"end":{"line":25,"column":2}},"4":{"start":{"line":23,"column":34},"end":{"line":25,"column":1}}},"fnMap":{"0":{"name":"(anonymous_0)","decl":{"start":{"line":13,"column":31},"end":{"line":13,"column":32}},"loc":{"start":{"line":14,"column":2},"end":{"line":16,"column":4}},"line":14},"1":{"name":"(anonymous_1)","decl":{"start":{"line":23,"column":24},"end":{"line":23,"column":25}},"loc":{"start":{"line":23,"column":34},"end":{"line":25,"column":1}},"line":23}},"branchMap":{},"s":{"0":1,"1":1,"2":1,"3":1,"4":1},"f":{"0":1,"1":1},"b":{},"_coverageSchema":"332fd63041d2c1bcb487cc26dd0d5f7d97098a6c","hash":"3f6bd90001e9690eabb081f5c67e0bac124fec53"}
,"/Users/adrian/Mobile/starter/app/navigation/MainTabNavigator.js": {"path":"/Users/adrian/Mobile/starter/app/navigation/MainTabNavigator.js","statementMap":{"0":{"start":{"line":29,"column":44},"end":{"line":57,"column":5}},"1":{"start":{"line":31,"column":30},"end":{"line":31,"column":46}},"2":{"start":{"line":33,"column":8},"end":{"line":47,"column":9}},"3":{"start":{"line":35,"column":12},"end":{"line":39,"column":28}},"4":{"start":{"line":40,"column":12},"end":{"line":40,"column":18}},"5":{"start":{"line":42,"column":12},"end":{"line":46,"column":42}},"6":{"start":{"line":48,"column":8},"end":{"line":55,"column":10}}},"fnMap":{"0":{"name":"(anonymous_0)","decl":{"start":{"line":29,"column":23},"end":{"line":29,"column":24}},"loc":{"start":{"line":29,"column":44},"end":{"line":57,"column":5}},"line":29},"1":{"name":"(anonymous_1)","decl":{"start":{"line":30,"column":18},"end":{"line":30,"column":19}},"loc":{"start":{"line":30,"column":35},"end":{"line":56,"column":7}},"line":30}},"branchMap":{"0":{"loc":{"start":{"line":33,"column":8},"end":{"line":47,"column":9}},"type":"switch","locations":[{"start":{"line":34,"column":10},"end":{"line":40,"column":18}},{"start":{"line":41,"column":10},"end":{"line":46,"column":42}}],"line":33},"1":{"loc":{"start":{"line":53,"column":19},"end":{"line":53,"column":75}},"type":"cond-expr","locations":[{"start":{"line":53,"column":29},"end":{"line":53,"column":51}},{"start":{"line":53,"column":54},"end":{"line":53,"column":75}}],"line":53}},"s":{"0":7,"1":4,"2":4,"3":2,"4":2,"5":2,"6":4},"f":{"0":7,"1":4},"b":{"0":[2,2],"1":[2,2]},"_coverageSchema":"332fd63041d2c1bcb487cc26dd0d5f7d97098a6c","hash":"c0b8a3167340babc5adccefd8e08ff3f57c5a55d"}
,"/Users/adrian/Mobile/starter/app/redux/configureStore.js": {"path":"/Users/adrian/Mobile/starter/app/redux/configureStore.js","statementMap":{"0":{"start":{"line":11,"column":20},"end":{"line":13,"column":2}},"1":{"start":{"line":16,"column":16},"end":{"line":21,"column":3}},"2":{"start":{"line":23,"column":2},"end":{"line":23,"column":15}}},"fnMap":{"0":{"name":"configureStore","decl":{"start":{"line":15,"column":24},"end":{"line":15,"column":38}},"loc":{"start":{"line":15,"column":41},"end":{"line":24,"column":1}},"line":15}},"branchMap":{},"s":{"0":1,"1":1,"2":1},"f":{"0":1},"b":{},"_coverageSchema":"332fd63041d2c1bcb487cc26dd0d5f7d97098a6c","hash":"0d4722a7a7d43897312255a82b21b1e73a05346d"}
,"/Users/adrian/Mobile/starter/app/redux/modules/navigation.js": {"path":"/Users/adrian/Mobile/starter/app/redux/modules/navigation.js","statementMap":{"0":{"start":{"line":9,"column":19},"end":{"line":9,"column":72}},"1":{"start":{"line":10,"column":21},"end":{"line":10,"column":70}},"2":{"start":{"line":13,"column":20},"end":{"line":13,"column":72}}},"fnMap":{"0":{"name":"reducer","decl":{"start":{"line":12,"column":24},"end":{"line":12,"column":31}},"loc":{"start":{"line":12,"column":62},"end":{"line":18,"column":1}},"line":12}},"branchMap":{"0":{"loc":{"start":{"line":12,"column":32},"end":{"line":12,"column":52}},"type":"default-arg","locations":[{"start":{"line":12,"column":40},"end":{"line":12,"column":52}}],"line":12}},"s":{"0":1,"1":1,"2":3},"f":{"0":3},"b":{"0":[3]},"_coverageSchema":"332fd63041d2c1bcb487cc26dd0d5f7d97098a6c","hash":"ac683addf7d08e13ad72ed340637f63fac5ea066"}
,"/Users/adrian/Mobile/starter/app/screens/HomeScreen.js": {"path":"/Users/adrian/Mobile/starter/app/screens/HomeScreen.js","statementMap":{"0":{"start":{"line":68,"column":4},"end":{"line":130,"column":6}},"1":{"start":{"line":134,"column":15},"end":{"line":221,"column":2}}},"fnMap":{"0":{"name":"(anonymous_0)","decl":{"start":{"line":28,"column":2},"end":{"line":28,"column":3}},"loc":{"start":{"line":28,"column":38},"end":{"line":51,"column":3}},"line":28},"1":{"name":"(anonymous_1)","decl":{"start":{"line":53,"column":25},"end":{"line":53,"column":26}},"loc":{"start":{"line":53,"column":31},"end":{"line":58,"column":3}},"line":53},"2":{"name":"(anonymous_2)","decl":{"start":{"line":60,"column":20},"end":{"line":60,"column":21}},"loc":{"start":{"line":60,"column":26},"end":{"line":65,"column":3}},"line":60},"3":{"name":"(anonymous_3)","decl":{"start":{"line":67,"column":2},"end":{"line":67,"column":3}},"loc":{"start":{"line":67,"column":11},"end":{"line":131,"column":3}},"line":67}},"branchMap":{},"s":{"0":2,"1":2},"f":{"0":2,"1":0,"2":0,"3":2},"b":{},"_coverageSchema":"332fd63041d2c1bcb487cc26dd0d5f7d97098a6c","hash":"b3b684d48266f07dce7cfdd81e3377e67b914854"}
,"/Users/adrian/Mobile/starter/app/screens/InfoScreen.js": {"path":"/Users/adrian/Mobile/starter/app/screens/InfoScreen.js","statementMap":{"0":{"start":{"line":12,"column":4},"end":{"line":12,"column":30}}},"fnMap":{"0":{"name":"(anonymous_0)","decl":{"start":{"line":9,"column":2},"end":{"line":9,"column":3}},"loc":{"start":{"line":9,"column":11},"end":{"line":13,"column":3}},"line":9}},"branchMap":{},"s":{"0":1},"f":{"0":1},"b":{},"_coverageSchema":"332fd63041d2c1bcb487cc26dd0d5f7d97098a6c","hash":"bfadbea630bf4a296a6e142e0085bc2e7c448934"}
}
