{"/Users/adrian/Mobile/starter/api/registerForPushNotificationsAsync.js": {"path":"/Users/adrian/Mobile/starter/api/registerForPushNotificationsAsync.js","statementMap":{"0":{"start":{"line":5,"column":22},"end":{"line":5,"column":69}},"1":{"start":{"line":10,"column":21},"end":{"line":10,"column":74}},"2":{"start":{"line":13,"column":2},"end":{"line":15,"column":3}},"3":{"start":{"line":14,"column":4},"end":{"line":14,"column":11}},"4":{"start":{"line":18,"column":16},"end":{"line":18,"column":59}},"5":{"start":{"line":21,"column":2},"end":{"line":32,"column":5}}},"fnMap":{"0":{"name":"registerForPushNotificationsAsync","decl":{"start":{"line":7,"column":31},"end":{"line":7,"column":64}},"loc":{"start":{"line":7,"column":67},"end":{"line":33,"column":1}},"line":7}},"branchMap":{"0":{"loc":{"start":{"line":13,"column":2},"end":{"line":15,"column":3}},"type":"if","locations":[{"start":{"line":13,"column":2},"end":{"line":15,"column":3}},{"start":{"line":13,"column":2},"end":{"line":15,"column":3}}],"line":13}},"s":{"0":1,"1":2,"2":0,"3":0,"4":0,"5":0},"f":{"0":2},"b":{"0":[0,0]},"_coverageSchema":"332fd63041d2c1bcb487cc26dd0d5f7d97098a6c","hash":"15565a949715b5cf5013546f178dbdc729b596fe"}
,"/Users/adrian/Mobile/starter/app/App.js": {"path":"/Users/adrian/Mobile/starter/app/App.js","statementMap":{"0":{"start":{"line":27,"column":4},"end":{"line":27,"column":27}},"1":{"start":{"line":31,"column":4},"end":{"line":55,"column":5}},"2":{"start":{"line":32,"column":6},"end":{"line":44,"column":9}},"3":{"start":{"line":48,"column":6},"end":{"line":51,"column":8}},"4":{"start":{"line":52,"column":6},"end":{"line":52,"column":21}},"5":{"start":{"line":54,"column":6},"end":{"line":54,"column":47}},"6":{"start":{"line":59,"column":4},"end":{"line":72,"column":5}},"7":{"start":{"line":60,"column":6},"end":{"line":60,"column":28}},"8":{"start":{"line":62,"column":6},"end":{"line":71,"column":8}},"9":{"start":{"line":76,"column":15},"end":{"line":85,"column":2}}},"fnMap":{"0":{"name":"(anonymous_0)","decl":{"start":{"line":26,"column":2},"end":{"line":26,"column":3}},"loc":{"start":{"line":26,"column":23},"end":{"line":28,"column":3}},"line":26},"1":{"name":"(anonymous_1)","decl":{"start":{"line":30,"column":2},"end":{"line":30,"column":3}},"loc":{"start":{"line":30,"column":26},"end":{"line":56,"column":3}},"line":30},"2":{"name":"(anonymous_2)","decl":{"start":{"line":58,"column":2},"end":{"line":58,"column":3}},"loc":{"start":{"line":58,"column":11},"end":{"line":73,"column":3}},"line":58}},"branchMap":{"0":{"loc":{"start":{"line":59,"column":4},"end":{"line":72,"column":5}},"type":"if","locations":[{"start":{"line":59,"column":4},"end":{"line":72,"column":5}},{"start":{"line":59,"column":4},"end":{"line":72,"column":5}}],"line":59},"1":{"loc":{"start":{"line":59,"column":8},"end":{"line":59,"column":68}},"type":"binary-expr","locations":[{"start":{"line":59,"column":8},"end":{"line":59,"column":35}},{"start":{"line":59,"column":39},"end":{"line":59,"column":68}}],"line":59},"2":{"loc":{"start":{"line":65,"column":13},"end":{"line":65,"column":70}},"type":"binary-expr","locations":[{"start":{"line":65,"column":13},"end":{"line":65,"column":34}},{"start":{"line":65,"column":38},"end":{"line":65,"column":70}}],"line":65},"3":{"loc":{"start":{"line":66,"column":13},"end":{"line":67,"column":55}},"type":"binary-expr","locations":[{"start":{"line":66,"column":13},"end":{"line":66,"column":38}},{"start":{"line":67,"column":14},"end":{"line":67,"column":55}}],"line":66}},"s":{"0":2,"1":2,"2":2,"3":0,"4":0,"5":2,"6":4,"7":1,"8":3,"9":1},"f":{"0":2,"1":2,"2":4},"b":{"0":[1,3],"1":[4,2],"2":[3,3],"3":[3,0]},"_coverageSchema":"332fd63041d2c1bcb487cc26dd0d5f7d97098a6c","hash":"84379c6e5b32b38cdf77653fcfa5885885ecad2a"}
,"/Users/adrian/Mobile/starter/app/api/registerForPushNotificationsAsync.js": {"path":"/Users/adrian/Mobile/starter/app/api/registerForPushNotificationsAsync.js","statementMap":{"0":{"start":{"line":1,"column":0},"end":{"line":1,"column":57}},"1":{"start":{"line":2,"column":10},"end":{"line":2,"column":25}},"2":{"start":{"line":5,"column":18},"end":{"line":5,"column":65}},"3":{"start":{"line":5,"column":66},"end":{"line":29,"column":76}},"4":{"start":{"line":7,"column":67},"end":{"line":29,"column":74}},"5":{"start":{"line":7,"column":153},"end":{"line":29,"column":61}},"6":{"start":{"line":7,"column":162},"end":{"line":29,"column":60}},"7":{"start":{"line":7,"column":205},"end":{"line":7,"column":221}},"8":{"start":{"line":7,"column":221},"end":{"line":10,"column":61}},"9":{"start":{"line":10,"column":68},"end":{"line":10,"column":87}},"10":{"start":{"line":10,"column":87},"end":{"line":10,"column":106}},"11":{"start":{"line":10,"column":106},"end":{"line":13,"column":44}},"12":{"start":{"line":13,"column":21},"end":{"line":13,"column":37}},"13":{"start":{"line":13,"column":37},"end":{"line":13,"column":43}},"14":{"start":{"line":13,"column":44},"end":{"line":13,"column":77}},"15":{"start":{"line":13,"column":84},"end":{"line":13,"column":100}},"16":{"start":{"line":13,"column":100},"end":{"line":18,"column":45}},"17":{"start":{"line":18,"column":52},"end":{"line":18,"column":72}},"18":{"start":{"line":18,"column":72},"end":{"line":29,"column":18}},"19":{"start":{"line":29,"column":36},"end":{"line":29,"column":59}}},"fnMap":{"0":{"name":"registerForPushNotificationsAsync","decl":{"start":{"line":7,"column":9},"end":{"line":7,"column":42}},"loc":{"start":{"line":7,"column":44},"end":{"line":29,"column":75}},"line":7},"1":{"name":"registerForPushNotificationsAsync$","decl":{"start":{"line":7,"column":108},"end":{"line":7,"column":142}},"loc":{"start":{"line":7,"column":152},"end":{"line":29,"column":62}},"line":7}},"branchMap":{"0":{"loc":{"start":{"line":7,"column":162},"end":{"line":29,"column":60}},"type":"switch","locations":[{"start":{"line":7,"column":198},"end":{"line":10,"column":61}},{"start":{"line":10,"column":61},"end":{"line":13,"column":77}},{"start":{"line":13,"column":77},"end":{"line":18,"column":45}},{"start":{"line":18,"column":45},"end":{"line":29,"column":18}},{"start":{"line":29,"column":18},"end":{"line":29,"column":26}},{"start":{"line":29,"column":26},"end":{"line":29,"column":59}}],"line":7},"1":{"loc":{"start":{"line":10,"column":106},"end":{"line":13,"column":44}},"type":"if","locations":[{"start":{"line":10,"column":106},"end":{"line":13,"column":44}},{"start":{"line":10,"column":106},"end":{"line":13,"column":44}}],"line":10}},"s":{"0":0,"1":0,"2":0,"3":0,"4":0,"5":0,"6":0,"7":0,"8":0,"9":0,"10":0,"11":0,"12":0,"13":0,"14":0,"15":0,"16":0,"17":0,"18":0,"19":0},"f":{"0":0,"1":0},"b":{"0":[0,0,0,0,0,0],"1":[0,0]}}
,"/Users/adrian/Mobile/starter/app/components/StyledText.js": {"path":"/Users/adrian/Mobile/starter/app/components/StyledText.js","statementMap":{"0":{"start":{"line":1,"column":0},"end":{"line":1,"column":57}},"1":{"start":{"line":1,"column":57},"end":{"line":1,"column":84}},"2":{"start":{"line":1,"column":97},"end":{"line":1,"column":307}},"3":{"start":{"line":1,"column":129},"end":{"line":1,"column":292}},"4":{"start":{"line":1,"column":176},"end":{"line":1,"column":188}},"5":{"start":{"line":1,"column":189},"end":{"line":1,"column":291}},"6":{"start":{"line":1,"column":212},"end":{"line":1,"column":290}},"7":{"start":{"line":1,"column":265},"end":{"line":1,"column":289}},"8":{"start":{"line":1,"column":292},"end":{"line":1,"column":306}},"9":{"start":{"line":1,"column":325},"end":{"line":1,"column":817}},"10":{"start":{"line":1,"column":376},"end":{"line":1,"column":618}},"11":{"start":{"line":1,"column":423},"end":{"line":1,"column":431}},"12":{"start":{"line":1,"column":432},"end":{"line":1,"column":483}},"13":{"start":{"line":1,"column":483},"end":{"line":1,"column":512}},"14":{"start":{"line":1,"column":512},"end":{"line":1,"column":561}},"15":{"start":{"line":1,"column":536},"end":{"line":1,"column":561}},"16":{"start":{"line":1,"column":561},"end":{"line":1,"column":617}},"17":{"start":{"line":1,"column":619},"end":{"line":1,"column":814}},"18":{"start":{"line":1,"column":671},"end":{"line":1,"column":736}},"19":{"start":{"line":1,"column":685},"end":{"line":1,"column":736}},"20":{"start":{"line":1,"column":736},"end":{"line":1,"column":793}},"21":{"start":{"line":1,"column":751},"end":{"line":1,"column":793}},"22":{"start":{"line":1,"column":793},"end":{"line":1,"column":812}},"23":{"start":{"line":3,"column":11},"end":{"line":3,"column":27}},"24":{"start":{"line":3,"column":40},"end":{"line":3,"column":70}},"25":{"start":{"line":4,"column":17},"end":{"line":4,"column":40}},"26":{"start":{"line":4,"column":78},"end":{"line":4,"column":123}},"27":{"start":{"line":4,"column":171},"end":{"line":4,"column":268}},"28":{"start":{"line":4,"column":210},"end":{"line":4,"column":267}},"29":{"start":{"line":4,"column":316},"end":{"line":4,"column":413}},"30":{"start":{"line":4,"column":326},"end":{"line":4,"column":412}},"31":{"start":{"line":4,"column":413},"end":{"line":4,"column":487}},"32":{"start":{"line":4,"column":528},"end":{"line":4,"column":681}},"33":{"start":{"line":4,"column":582},"end":{"line":4,"column":680}},"34":{"start":{"line":4,"column":681},"end":{"line":4,"column":828}},"35":{"start":{"line":4,"column":828},"end":{"line":4,"column":937}},"36":{"start":{"line":4,"column":842},"end":{"line":4,"column":937}},"37":{"start":{"line":6,"column":9},"end":{"line":9,"column":49}},"38":{"start":{"line":6,"column":53},"end":{"line":6,"column":90}},"39":{"start":{"line":6,"column":110},"end":{"line":6,"column":141}},"40":{"start":{"line":6,"column":141},"end":{"line":6,"column":257}},"41":{"start":{"line":6,"column":258},"end":{"line":9,"column":5}},"42":{"start":{"line":8,"column":0},"end":{"line":8,"column":107}},"43":{"start":{"line":9,"column":5},"end":{"line":9,"column":21}}},"fnMap":{"0":{"name":"(anonymous_0)","decl":{"start":{"line":1,"column":112},"end":{"line":1,"column":113}},"loc":{"start":{"line":1,"column":128},"end":{"line":1,"column":307}},"line":1},"1":{"name":"(anonymous_1)","decl":{"start":{"line":1,"column":325},"end":{"line":1,"column":326}},"loc":{"start":{"line":1,"column":335},"end":{"line":1,"column":815}},"line":1},"2":{"name":"defineProperties","decl":{"start":{"line":1,"column":345},"end":{"line":1,"column":361}},"loc":{"start":{"line":1,"column":375},"end":{"line":1,"column":619}},"line":1},"3":{"name":"(anonymous_3)","decl":{"start":{"line":1,"column":626},"end":{"line":1,"column":627}},"loc":{"start":{"line":1,"column":670},"end":{"line":1,"column":813}},"line":1},"4":{"name":"_interopRequireDefault","decl":{"start":{"line":4,"column":50},"end":{"line":4,"column":72}},"loc":{"start":{"line":4,"column":77},"end":{"line":4,"column":124}},"line":4},"5":{"name":"_classCallCheck","decl":{"start":{"line":4,"column":133},"end":{"line":4,"column":148}},"loc":{"start":{"line":4,"column":170},"end":{"line":4,"column":269}},"line":4},"6":{"name":"_possibleConstructorReturn","decl":{"start":{"line":4,"column":278},"end":{"line":4,"column":304}},"loc":{"start":{"line":4,"column":315},"end":{"line":4,"column":488}},"line":4},"7":{"name":"_inherits","decl":{"start":{"line":4,"column":497},"end":{"line":4,"column":506}},"loc":{"start":{"line":4,"column":527},"end":{"line":4,"column":938}},"line":4},"8":{"name":"(anonymous_8)","decl":{"start":{"line":6,"column":26},"end":{"line":6,"column":27}},"loc":{"start":{"line":6,"column":52},"end":{"line":9,"column":22}},"line":6},"9":{"name":"MonoText","decl":{"start":{"line":6,"column":99},"end":{"line":6,"column":107}},"loc":{"start":{"line":6,"column":109},"end":{"line":6,"column":258}},"line":6},"10":{"name":"render","decl":{"start":{"line":6,"column":310},"end":{"line":6,"column":316}},"loc":{"start":{"line":7,"column":0},"end":{"line":9,"column":1}},"line":7}},"branchMap":{"0":{"loc":{"start":{"line":1,"column":97},"end":{"line":1,"column":307}},"type":"binary-expr","locations":[{"start":{"line":1,"column":97},"end":{"line":1,"column":110}},{"start":{"line":1,"column":112},"end":{"line":1,"column":307}}],"line":1},"1":{"loc":{"start":{"line":1,"column":212},"end":{"line":1,"column":290}},"type":"if","locations":[{"start":{"line":1,"column":212},"end":{"line":1,"column":290}},{"start":{"line":1,"column":212},"end":{"line":1,"column":290}}],"line":1},"2":{"loc":{"start":{"line":1,"column":454},"end":{"line":1,"column":482}},"type":"binary-expr","locations":[{"start":{"line":1,"column":454},"end":{"line":1,"column":475}},{"start":{"line":1,"column":477},"end":{"line":1,"column":482}}],"line":1},"3":{"loc":{"start":{"line":1,"column":512},"end":{"line":1,"column":561}},"type":"if","locations":[{"start":{"line":1,"column":512},"end":{"line":1,"column":561}},{"start":{"line":1,"column":512},"end":{"line":1,"column":561}}],"line":1},"4":{"loc":{"start":{"line":1,"column":671},"end":{"line":1,"column":736}},"type":"if","locations":[{"start":{"line":1,"column":671},"end":{"line":1,"column":736}},{"start":{"line":1,"column":671},"end":{"line":1,"column":736}}],"line":1},"5":{"loc":{"start":{"line":1,"column":736},"end":{"line":1,"column":793}},"type":"if","locations":[{"start":{"line":1,"column":736},"end":{"line":1,"column":793}},{"start":{"line":1,"column":736},"end":{"line":1,"column":793}}],"line":1},"6":{"loc":{"start":{"line":4,"column":85},"end":{"line":4,"column":122}},"type":"cond-expr","locations":[{"start":{"line":4,"column":105},"end":{"line":4,"column":108}},{"start":{"line":4,"column":109},"end":{"line":4,"column":122}}],"line":4},"7":{"loc":{"start":{"line":4,"column":85},"end":{"line":4,"column":104}},"type":"binary-expr","locations":[{"start":{"line":4,"column":85},"end":{"line":4,"column":88}},{"start":{"line":4,"column":90},"end":{"line":4,"column":104}}],"line":4},"8":{"loc":{"start":{"line":4,"column":171},"end":{"line":4,"column":268}},"type":"if","locations":[{"start":{"line":4,"column":171},"end":{"line":4,"column":268}},{"start":{"line":4,"column":171},"end":{"line":4,"column":268}}],"line":4},"9":{"loc":{"start":{"line":4,"column":316},"end":{"line":4,"column":413}},"type":"if","locations":[{"start":{"line":4,"column":316},"end":{"line":4,"column":413}},{"start":{"line":4,"column":316},"end":{"line":4,"column":413}}],"line":4},"10":{"loc":{"start":{"line":4,"column":420},"end":{"line":4,"column":486}},"type":"cond-expr","locations":[{"start":{"line":4,"column":477},"end":{"line":4,"column":481}},{"start":{"line":4,"column":482},"end":{"line":4,"column":486}}],"line":4},"11":{"loc":{"start":{"line":4,"column":420},"end":{"line":4,"column":476}},"type":"binary-expr","locations":[{"start":{"line":4,"column":420},"end":{"line":4,"column":424}},{"start":{"line":4,"column":427},"end":{"line":4,"column":449}},{"start":{"line":4,"column":451},"end":{"line":4,"column":475}}],"line":4},"12":{"loc":{"start":{"line":4,"column":528},"end":{"line":4,"column":681}},"type":"if","locations":[{"start":{"line":4,"column":528},"end":{"line":4,"column":681}},{"start":{"line":4,"column":528},"end":{"line":4,"column":681}}],"line":4},"13":{"loc":{"start":{"line":4,"column":531},"end":{"line":4,"column":580}},"type":"binary-expr","locations":[{"start":{"line":4,"column":531},"end":{"line":4,"column":561}},{"start":{"line":4,"column":563},"end":{"line":4,"column":580}}],"line":4},"14":{"loc":{"start":{"line":4,"column":714},"end":{"line":4,"column":746}},"type":"binary-expr","locations":[{"start":{"line":4,"column":714},"end":{"line":4,"column":724}},{"start":{"line":4,"column":726},"end":{"line":4,"column":746}}],"line":4},"15":{"loc":{"start":{"line":4,"column":828},"end":{"line":4,"column":937}},"type":"if","locations":[{"start":{"line":4,"column":828},"end":{"line":4,"column":937}},{"start":{"line":4,"column":828},"end":{"line":4,"column":937}}],"line":4},"16":{"loc":{"start":{"line":4,"column":842},"end":{"line":4,"column":936}},"type":"cond-expr","locations":[{"start":{"line":4,"column":864},"end":{"line":4,"column":906}},{"start":{"line":4,"column":907},"end":{"line":4,"column":936}}],"line":4},"17":{"loc":{"start":{"line":6,"column":181},"end":{"line":6,"column":232}},"type":"binary-expr","locations":[{"start":{"line":6,"column":181},"end":{"line":6,"column":199}},{"start":{"line":6,"column":201},"end":{"line":6,"column":232}}],"line":6}},"s":{"0":0,"1":0,"2":0,"3":0,"4":0,"5":0,"6":0,"7":0,"8":0,"9":0,"10":0,"11":0,"12":0,"13":0,"14":0,"15":0,"16":0,"17":0,"18":0,"19":0,"20":0,"21":0,"22":0,"23":0,"24":0,"25":0,"26":0,"27":0,"28":0,"29":0,"30":0,"31":0,"32":0,"33":0,"34":0,"35":0,"36":0,"37":0,"38":0,"39":0,"40":0,"41":0,"42":0,"43":0},"f":{"0":0,"1":0,"2":0,"3":0,"4":0,"5":0,"6":0,"7":0,"8":0,"9":0,"10":0},"b":{"0":[0,0],"1":[0,0],"2":[0,0],"3":[0,0],"4":[0,0],"5":[0,0],"6":[0,0],"7":[0,0],"8":[0,0],"9":[0,0],"10":[0,0],"11":[0,0,0],"12":[0,0],"13":[0,0],"14":[0,0],"15":[0,0],"16":[0,0],"17":[0,0]}}
,"/Users/adrian/Mobile/starter/app/constants/Colors.js": {"path":"/Users/adrian/Mobile/starter/app/constants/Colors.js","statementMap":{"0":{"start":{"line":1,"column":0},"end":{"line":1,"column":57}},"1":{"start":{"line":1,"column":71},"end":{"line":1,"column":80}},"2":{"start":{"line":1,"column":81},"end":{"line":13,"column":19}}},"fnMap":{},"branchMap":{},"s":{"0":0,"1":0,"2":0},"f":{},"b":{}}
,"/Users/adrian/Mobile/starter/app/constants/Layout.js": {"path":"/Users/adrian/Mobile/starter/app/constants/Layout.js","statementMap":{"0":{"start":{"line":1,"column":0},"end":{"line":1,"column":57}},"1":{"start":{"line":1,"column":74},"end":{"line":1,"column":97}},"2":{"start":{"line":3,"column":10},"end":{"line":3,"column":53}},"3":{"start":{"line":4,"column":11},"end":{"line":4,"column":55}},"4":{"start":{"line":4,"column":56},"end":{"line":11,"column":25}}},"fnMap":{},"branchMap":{},"s":{"0":0,"1":0,"2":0,"3":0,"4":0},"f":{},"b":{}}
,"/Users/adrian/Mobile/starter/app/navigation/AppWithNavigationState.js": {"path":"/Users/adrian/Mobile/starter/app/navigation/AppWithNavigationState.js","statementMap":{"0":{"start":{"line":1,"column":0},"end":{"line":1,"column":57}},"1":{"start":{"line":8,"column":11},"end":{"line":8,"column":27}},"2":{"start":{"line":8,"column":40},"end":{"line":8,"column":70}},"3":{"start":{"line":9,"column":21},"end":{"line":9,"column":48}},"4":{"start":{"line":10,"column":16},"end":{"line":10,"column":38}},"5":{"start":{"line":11,"column":15},"end":{"line":11,"column":36}},"6":{"start":{"line":11,"column":53},"end":{"line":11,"column":87}},"7":{"start":{"line":12,"column":20},"end":{"line":12,"column":47}},"8":{"start":{"line":12,"column":69},"end":{"line":12,"column":108}},"9":{"start":{"line":12,"column":146},"end":{"line":12,"column":191}},"10":{"start":{"line":16,"column":27},"end":{"line":17,"column":144}},"11":{"start":{"line":16,"column":78},"end":{"line":16,"column":91}},"12":{"start":{"line":16,"column":96},"end":{"line":16,"column":104}},"13":{"start":{"line":16,"column":105},"end":{"line":17,"column":143}},"14":{"start":{"line":19,"column":0},"end":{"line":21,"column":43}},"15":{"start":{"line":24,"column":20},"end":{"line":25,"column":16}},"16":{"start":{"line":24,"column":52},"end":{"line":25,"column":15}},"17":{"start":{"line":25,"column":17},"end":{"line":28,"column":65}}},"fnMap":{"0":{"name":"_interopRequireDefault","decl":{"start":{"line":12,"column":118},"end":{"line":12,"column":140}},"loc":{"start":{"line":12,"column":145},"end":{"line":12,"column":192}},"line":12},"1":{"name":"AppWithNavigationState","decl":{"start":{"line":16,"column":36},"end":{"line":16,"column":58}},"loc":{"start":{"line":16,"column":64},"end":{"line":17,"column":144}},"line":16},"2":{"name":"mapStateToProps","decl":{"start":{"line":24,"column":29},"end":{"line":24,"column":44}},"loc":{"start":{"line":24,"column":51},"end":{"line":25,"column":16}},"line":24}},"branchMap":{"0":{"loc":{"start":{"line":12,"column":153},"end":{"line":12,"column":190}},"type":"cond-expr","locations":[{"start":{"line":12,"column":173},"end":{"line":12,"column":176}},{"start":{"line":12,"column":177},"end":{"line":12,"column":190}}],"line":12},"1":{"loc":{"start":{"line":12,"column":153},"end":{"line":12,"column":172}},"type":"binary-expr","locations":[{"start":{"line":12,"column":153},"end":{"line":12,"column":156}},{"start":{"line":12,"column":158},"end":{"line":12,"column":172}}],"line":12}},"s":{"0":0,"1":0,"2":0,"3":0,"4":0,"5":0,"6":0,"7":0,"8":0,"9":0,"10":0,"11":0,"12":0,"13":0,"14":0,"15":0,"16":0,"17":0},"f":{"0":0,"1":0,"2":0},"b":{"0":[0,0],"1":[0,0]}}
,"/Users/adrian/Mobile/starter/app/navigation/MainTabNavigator.js": {"path":"/Users/adrian/Mobile/starter/app/navigation/MainTabNavigator.js","statementMap":{"0":{"start":{"line":1,"column":0},"end":{"line":1,"column":57}},"1":{"start":{"line":10,"column":11},"end":{"line":10,"column":27}},"2":{"start":{"line":10,"column":40},"end":{"line":10,"column":70}},"3":{"start":{"line":11,"column":17},"end":{"line":11,"column":40}},"4":{"start":{"line":12,"column":17},"end":{"line":12,"column":46}},"5":{"start":{"line":13,"column":21},"end":{"line":13,"column":48}},"6":{"start":{"line":15,"column":12},"end":{"line":15,"column":42}},"7":{"start":{"line":15,"column":56},"end":{"line":15,"column":87}},"8":{"start":{"line":17,"column":16},"end":{"line":17,"column":48}},"9":{"start":{"line":17,"column":66},"end":{"line":17,"column":101}},"10":{"start":{"line":18,"column":16},"end":{"line":18,"column":48}},"11":{"start":{"line":18,"column":66},"end":{"line":18,"column":101}},"12":{"start":{"line":18,"column":139},"end":{"line":18,"column":184}},"13":{"start":{"line":18,"column":185},"end":{"line":60,"column":21}},"14":{"start":{"line":30,"column":66},"end":{"line":30,"column":81}},"15":{"start":{"line":30,"column":82},"end":{"line":55,"column":3}},"16":{"start":{"line":31,"column":50},"end":{"line":31,"column":63}},"17":{"start":{"line":32,"column":10},"end":{"line":32,"column":36}},"18":{"start":{"line":33,"column":13},"end":{"line":33,"column":19}},"19":{"start":{"line":34,"column":0},"end":{"line":45,"column":25}},"20":{"start":{"line":36,"column":0},"end":{"line":39,"column":10}},"21":{"start":{"line":40,"column":0},"end":{"line":40,"column":6}},"22":{"start":{"line":42,"column":0},"end":{"line":45,"column":24}},"23":{"start":{"line":47,"column":0},"end":{"line":52,"column":82}}},"fnMap":{"0":{"name":"_interopRequireDefault","decl":{"start":{"line":18,"column":111},"end":{"line":18,"column":133}},"loc":{"start":{"line":18,"column":138},"end":{"line":18,"column":185}},"line":18},"1":{"name":"navigationOptions","decl":{"start":{"line":30,"column":27},"end":{"line":30,"column":44}},"loc":{"start":{"line":30,"column":50},"end":{"line":55,"column":4}},"line":30},"2":{"name":"tabBarIcon","decl":{"start":{"line":31,"column":20},"end":{"line":31,"column":30}},"loc":{"start":{"line":31,"column":37},"end":{"line":55,"column":1}},"line":31}},"branchMap":{"0":{"loc":{"start":{"line":18,"column":146},"end":{"line":18,"column":183}},"type":"cond-expr","locations":[{"start":{"line":18,"column":166},"end":{"line":18,"column":169}},{"start":{"line":18,"column":170},"end":{"line":18,"column":183}}],"line":18},"1":{"loc":{"start":{"line":18,"column":146},"end":{"line":18,"column":165}},"type":"binary-expr","locations":[{"start":{"line":18,"column":146},"end":{"line":18,"column":149}},{"start":{"line":18,"column":151},"end":{"line":18,"column":165}}],"line":18},"2":{"loc":{"start":{"line":34,"column":0},"end":{"line":45,"column":25}},"type":"switch","locations":[{"start":{"line":35,"column":0},"end":{"line":40,"column":6}},{"start":{"line":41,"column":0},"end":{"line":45,"column":24}}],"line":34},"3":{"loc":{"start":{"line":37,"column":0},"end":{"line":39,"column":9}},"type":"cond-expr","locations":[{"start":{"line":37,"column":33},"end":{"line":38,"column":22}},{"start":{"line":39,"column":0},"end":{"line":39,"column":9}}],"line":37},"4":{"loc":{"start":{"line":38,"column":0},"end":{"line":38,"column":21}},"type":"cond-expr","locations":[{"start":{"line":38,"column":8},"end":{"line":38,"column":10}},{"start":{"line":38,"column":11},"end":{"line":38,"column":21}}],"line":38},"5":{"loc":{"start":{"line":43,"column":0},"end":{"line":45,"column":23}},"type":"cond-expr","locations":[{"start":{"line":43,"column":33},"end":{"line":44,"column":22}},{"start":{"line":45,"column":0},"end":{"line":45,"column":23}}],"line":43},"6":{"loc":{"start":{"line":44,"column":0},"end":{"line":44,"column":21}},"type":"cond-expr","locations":[{"start":{"line":44,"column":8},"end":{"line":44,"column":10}},{"start":{"line":44,"column":11},"end":{"line":44,"column":21}}],"line":44},"7":{"loc":{"start":{"line":52,"column":6},"end":{"line":52,"column":78}},"type":"cond-expr","locations":[{"start":{"line":52,"column":14},"end":{"line":52,"column":46}},{"start":{"line":52,"column":47},"end":{"line":52,"column":78}}],"line":52}},"s":{"0":0,"1":0,"2":0,"3":0,"4":0,"5":0,"6":0,"7":0,"8":0,"9":0,"10":0,"11":0,"12":0,"13":0,"14":0,"15":0,"16":0,"17":0,"18":0,"19":0,"20":0,"21":0,"22":0,"23":0},"f":{"0":0,"1":0,"2":0},"b":{"0":[0,0],"1":[0,0],"2":[0,0],"3":[0,0],"4":[0,0],"5":[0,0],"6":[0,0],"7":[0,0]}}
,"/Users/adrian/Mobile/starter/app/navigation/RootNavigation.js": {"path":"/Users/adrian/Mobile/starter/app/navigation/RootNavigation.js","statementMap":{"0":{"start":{"line":1,"column":0},"end":{"line":1,"column":57}},"1":{"start":{"line":1,"column":57},"end":{"line":1,"column":83}},"2":{"start":{"line":1,"column":100},"end":{"line":1,"column":592}},"3":{"start":{"line":1,"column":151},"end":{"line":1,"column":393}},"4":{"start":{"line":1,"column":198},"end":{"line":1,"column":206}},"5":{"start":{"line":1,"column":207},"end":{"line":1,"column":258}},"6":{"start":{"line":1,"column":258},"end":{"line":1,"column":287}},"7":{"start":{"line":1,"column":287},"end":{"line":1,"column":336}},"8":{"start":{"line":1,"column":311},"end":{"line":1,"column":336}},"9":{"start":{"line":1,"column":336},"end":{"line":1,"column":392}},"10":{"start":{"line":1,"column":394},"end":{"line":1,"column":589}},"11":{"start":{"line":1,"column":446},"end":{"line":1,"column":511}},"12":{"start":{"line":1,"column":460},"end":{"line":1,"column":511}},"13":{"start":{"line":1,"column":511},"end":{"line":1,"column":568}},"14":{"start":{"line":1,"column":526},"end":{"line":1,"column":568}},"15":{"start":{"line":1,"column":568},"end":{"line":1,"column":587}},"16":{"start":{"line":3,"column":10},"end":{"line":3,"column":25}},"17":{"start":{"line":4,"column":11},"end":{"line":4,"column":27}},"18":{"start":{"line":4,"column":40},"end":{"line":4,"column":70}},"19":{"start":{"line":7,"column":22},"end":{"line":7,"column":51}},"20":{"start":{"line":7,"column":75},"end":{"line":7,"column":116}},"21":{"start":{"line":8,"column":39},"end":{"line":8,"column":90}},"22":{"start":{"line":8,"column":131},"end":{"line":8,"column":189}},"23":{"start":{"line":8,"column":227},"end":{"line":8,"column":272}},"24":{"start":{"line":8,"column":320},"end":{"line":8,"column":417}},"25":{"start":{"line":8,"column":359},"end":{"line":8,"column":416}},"26":{"start":{"line":8,"column":465},"end":{"line":8,"column":562}},"27":{"start":{"line":8,"column":475},"end":{"line":8,"column":561}},"28":{"start":{"line":8,"column":562},"end":{"line":8,"column":636}},"29":{"start":{"line":8,"column":677},"end":{"line":8,"column":830}},"30":{"start":{"line":8,"column":731},"end":{"line":8,"column":829}},"31":{"start":{"line":8,"column":830},"end":{"line":8,"column":977}},"32":{"start":{"line":8,"column":977},"end":{"line":8,"column":1086}},"33":{"start":{"line":8,"column":991},"end":{"line":8,"column":1086}},"34":{"start":{"line":25,"column":14},"end":{"line":57,"column":54}},"35":{"start":{"line":25,"column":41},"end":{"line":25,"column":83}},"36":{"start":{"line":25,"column":138},"end":{"line":25,"column":174}},"37":{"start":{"line":25,"column":174},"end":{"line":25,"column":274}},"38":{"start":{"line":25,"column":246},"end":{"line":25,"column":273}},"39":{"start":{"line":25,"column":274},"end":{"line":53,"column":48}},"40":{"start":{"line":48,"column":46},"end":{"line":48,"column":58}},"41":{"start":{"line":48,"column":64},"end":{"line":48,"column":74}},"42":{"start":{"line":50,"column":0},"end":{"line":51,"column":44}},"43":{"start":{"line":53,"column":49},"end":{"line":57,"column":5}},"44":{"start":{"line":53,"column":137},"end":{"line":53,"column":203}},"45":{"start":{"line":53,"column":272},"end":{"line":53,"column":342}},"46":{"start":{"line":53,"column":427},"end":{"line":53,"column":477}},"47":{"start":{"line":53,"column":477},"end":{"line":53,"column":564}},"48":{"start":{"line":56,"column":0},"end":{"line":56,"column":100}},"49":{"start":{"line":57,"column":5},"end":{"line":57,"column":26}},"50":{"start":{"line":57,"column":55},"end":{"line":57,"column":85}}},"fnMap":{"0":{"name":"(anonymous_0)","decl":{"start":{"line":1,"column":100},"end":{"line":1,"column":101}},"loc":{"start":{"line":1,"column":110},"end":{"line":1,"column":590}},"line":1},"1":{"name":"defineProperties","decl":{"start":{"line":1,"column":120},"end":{"line":1,"column":136}},"loc":{"start":{"line":1,"column":150},"end":{"line":1,"column":394}},"line":1},"2":{"name":"(anonymous_2)","decl":{"start":{"line":1,"column":401},"end":{"line":1,"column":402}},"loc":{"start":{"line":1,"column":445},"end":{"line":1,"column":588}},"line":1},"3":{"name":"_interopRequireDefault","decl":{"start":{"line":8,"column":199},"end":{"line":8,"column":221}},"loc":{"start":{"line":8,"column":226},"end":{"line":8,"column":273}},"line":8},"4":{"name":"_classCallCheck","decl":{"start":{"line":8,"column":282},"end":{"line":8,"column":297}},"loc":{"start":{"line":8,"column":319},"end":{"line":8,"column":418}},"line":8},"5":{"name":"_possibleConstructorReturn","decl":{"start":{"line":8,"column":427},"end":{"line":8,"column":453}},"loc":{"start":{"line":8,"column":464},"end":{"line":8,"column":637}},"line":8},"6":{"name":"_inherits","decl":{"start":{"line":8,"column":646},"end":{"line":8,"column":655}},"loc":{"start":{"line":8,"column":676},"end":{"line":8,"column":1087}},"line":8},"7":{"name":"(anonymous_7)","decl":{"start":{"line":25,"column":14},"end":{"line":25,"column":15}},"loc":{"start":{"line":25,"column":40},"end":{"line":57,"column":27}},"line":25},"8":{"name":"RootNavigator","decl":{"start":{"line":25,"column":92},"end":{"line":25,"column":105}},"loc":{"start":{"line":25,"column":107},"end":{"line":53,"column":49}},"line":25},"9":{"name":"(anonymous_9)","decl":{"start":{"line":48,"column":19},"end":{"line":48,"column":20}},"loc":{"start":{"line":48,"column":34},"end":{"line":53,"column":1}},"line":48},"10":{"name":"componentDidMount","decl":{"start":{"line":53,"column":117},"end":{"line":53,"column":134}},"loc":{"start":{"line":53,"column":136},"end":{"line":53,"column":204}},"line":53},"11":{"name":"componentWillUnmount","decl":{"start":{"line":53,"column":249},"end":{"line":53,"column":269}},"loc":{"start":{"line":53,"column":271},"end":{"line":53,"column":343}},"line":53},"12":{"name":"registerForPushNotifications","decl":{"start":{"line":53,"column":396},"end":{"line":53,"column":424}},"loc":{"start":{"line":53,"column":426},"end":{"line":53,"column":565}},"line":53},"13":{"name":"render","decl":{"start":{"line":53,"column":596},"end":{"line":53,"column":602}},"loc":{"start":{"line":55,"column":0},"end":{"line":57,"column":1}},"line":55}},"branchMap":{"0":{"loc":{"start":{"line":1,"column":229},"end":{"line":1,"column":257}},"type":"binary-expr","locations":[{"start":{"line":1,"column":229},"end":{"line":1,"column":250}},{"start":{"line":1,"column":252},"end":{"line":1,"column":257}}],"line":1},"1":{"loc":{"start":{"line":1,"column":287},"end":{"line":1,"column":336}},"type":"if","locations":[{"start":{"line":1,"column":287},"end":{"line":1,"column":336}},{"start":{"line":1,"column":287},"end":{"line":1,"column":336}}],"line":1},"2":{"loc":{"start":{"line":1,"column":446},"end":{"line":1,"column":511}},"type":"if","locations":[{"start":{"line":1,"column":446},"end":{"line":1,"column":511}},{"start":{"line":1,"column":446},"end":{"line":1,"column":511}}],"line":1},"3":{"loc":{"start":{"line":1,"column":511},"end":{"line":1,"column":568}},"type":"if","locations":[{"start":{"line":1,"column":511},"end":{"line":1,"column":568}},{"start":{"line":1,"column":511},"end":{"line":1,"column":568}}],"line":1},"4":{"loc":{"start":{"line":8,"column":234},"end":{"line":8,"column":271}},"type":"cond-expr","locations":[{"start":{"line":8,"column":254},"end":{"line":8,"column":257}},{"start":{"line":8,"column":258},"end":{"line":8,"column":271}}],"line":8},"5":{"loc":{"start":{"line":8,"column":234},"end":{"line":8,"column":253}},"type":"binary-expr","locations":[{"start":{"line":8,"column":234},"end":{"line":8,"column":237}},{"start":{"line":8,"column":239},"end":{"line":8,"column":253}}],"line":8},"6":{"loc":{"start":{"line":8,"column":320},"end":{"line":8,"column":417}},"type":"if","locations":[{"start":{"line":8,"column":320},"end":{"line":8,"column":417}},{"start":{"line":8,"column":320},"end":{"line":8,"column":417}}],"line":8},"7":{"loc":{"start":{"line":8,"column":465},"end":{"line":8,"column":562}},"type":"if","locations":[{"start":{"line":8,"column":465},"end":{"line":8,"column":562}},{"start":{"line":8,"column":465},"end":{"line":8,"column":562}}],"line":8},"8":{"loc":{"start":{"line":8,"column":569},"end":{"line":8,"column":635}},"type":"cond-expr","locations":[{"start":{"line":8,"column":626},"end":{"line":8,"column":630}},{"start":{"line":8,"column":631},"end":{"line":8,"column":635}}],"line":8},"9":{"loc":{"start":{"line":8,"column":569},"end":{"line":8,"column":625}},"type":"binary-expr","locations":[{"start":{"line":8,"column":569},"end":{"line":8,"column":573}},{"start":{"line":8,"column":576},"end":{"line":8,"column":598}},{"start":{"line":8,"column":600},"end":{"line":8,"column":624}}],"line":8},"10":{"loc":{"start":{"line":8,"column":677},"end":{"line":8,"column":830}},"type":"if","locations":[{"start":{"line":8,"column":677},"end":{"line":8,"column":830}},{"start":{"line":8,"column":677},"end":{"line":8,"column":830}}],"line":8},"11":{"loc":{"start":{"line":8,"column":680},"end":{"line":8,"column":729}},"type":"binary-expr","locations":[{"start":{"line":8,"column":680},"end":{"line":8,"column":710}},{"start":{"line":8,"column":712},"end":{"line":8,"column":729}}],"line":8},"12":{"loc":{"start":{"line":8,"column":863},"end":{"line":8,"column":895}},"type":"binary-expr","locations":[{"start":{"line":8,"column":863},"end":{"line":8,"column":873}},{"start":{"line":8,"column":875},"end":{"line":8,"column":895}}],"line":8},"13":{"loc":{"start":{"line":8,"column":977},"end":{"line":8,"column":1086}},"type":"if","locations":[{"start":{"line":8,"column":977},"end":{"line":8,"column":1086}},{"start":{"line":8,"column":977},"end":{"line":8,"column":1086}}],"line":8},"14":{"loc":{"start":{"line":8,"column":991},"end":{"line":8,"column":1085}},"type":"cond-expr","locations":[{"start":{"line":8,"column":1013},"end":{"line":8,"column":1055}},{"start":{"line":8,"column":1056},"end":{"line":8,"column":1085}}],"line":8},"15":{"loc":{"start":{"line":25,"column":338},"end":{"line":25,"column":399}},"type":"binary-expr","locations":[{"start":{"line":25,"column":338},"end":{"line":25,"column":361}},{"start":{"line":25,"column":363},"end":{"line":25,"column":399}}],"line":25},"16":{"loc":{"start":{"line":53,"column":272},"end":{"line":53,"column":341}},"type":"binary-expr","locations":[{"start":{"line":53,"column":272},"end":{"line":53,"column":301}},{"start":{"line":53,"column":303},"end":{"line":53,"column":341}}],"line":53}},"s":{"0":0,"1":0,"2":0,"3":0,"4":0,"5":0,"6":0,"7":0,"8":0,"9":0,"10":0,"11":0,"12":0,"13":0,"14":0,"15":0,"16":0,"17":0,"18":0,"19":0,"20":0,"21":0,"22":0,"23":0,"24":0,"25":0,"26":0,"27":0,"28":0,"29":0,"30":0,"31":0,"32":0,"33":0,"34":0,"35":0,"36":0,"37":0,"38":0,"39":0,"40":0,"41":0,"42":0,"43":0,"44":0,"45":0,"46":0,"47":0,"48":0,"49":0,"50":0},"f":{"0":0,"1":0,"2":0,"3":0,"4":0,"5":0,"6":0,"7":0,"8":0,"9":0,"10":0,"11":0,"12":0,"13":0},"b":{"0":[0,0],"1":[0,0],"2":[0,0],"3":[0,0],"4":[0,0],"5":[0,0],"6":[0,0],"7":[0,0],"8":[0,0],"9":[0,0,0],"10":[0,0],"11":[0,0],"12":[0,0],"13":[0,0],"14":[0,0],"15":[0,0],"16":[0,0]}}
,"/Users/adrian/Mobile/starter/app/navigation/navReducer.js": {"path":"/Users/adrian/Mobile/starter/app/navigation/navReducer.js","statementMap":{"0":{"start":{"line":1,"column":0},"end":{"line":1,"column":57}},"1":{"start":{"line":1,"column":57},"end":{"line":15,"column":4}},"2":{"start":{"line":15,"column":26},"end":{"line":15,"column":55}},"3":{"start":{"line":15,"column":79},"end":{"line":15,"column":120}},"4":{"start":{"line":15,"column":158},"end":{"line":15,"column":203}},"5":{"start":{"line":15,"column":220},"end":{"line":15,"column":287}},"6":{"start":{"line":15,"column":305},"end":{"line":15,"column":369}},"7":{"start":{"line":15,"column":390},"end":{"line":15,"column":455}},"8":{"start":{"line":15,"column":481},"end":{"line":15,"column":554}},"9":{"start":{"line":15,"column":566},"end":{"line":15,"column":578}},"10":{"start":{"line":16,"column":14},"end":{"line":16,"column":20}},"11":{"start":{"line":17,"column":0},"end":{"line":32,"column":7}},"12":{"start":{"line":31,"column":0},"end":{"line":31,"column":76}},"13":{"start":{"line":32,"column":0},"end":{"line":32,"column":6}},"14":{"start":{"line":36,"column":0},"end":{"line":36,"column":24}}},"fnMap":{"0":{"name":"_interopRequireDefault","decl":{"start":{"line":15,"column":130},"end":{"line":15,"column":152}},"loc":{"start":{"line":15,"column":157},"end":{"line":15,"column":204}},"line":15},"1":{"name":"nav","decl":{"start":{"line":15,"column":465},"end":{"line":15,"column":468}},"loc":{"start":{"line":15,"column":470},"end":{"line":37,"column":1}},"line":15}},"branchMap":{"0":{"loc":{"start":{"line":15,"column":165},"end":{"line":15,"column":202}},"type":"cond-expr","locations":[{"start":{"line":15,"column":185},"end":{"line":15,"column":188}},{"start":{"line":15,"column":189},"end":{"line":15,"column":202}}],"line":15},"1":{"loc":{"start":{"line":15,"column":165},"end":{"line":15,"column":184}},"type":"binary-expr","locations":[{"start":{"line":15,"column":165},"end":{"line":15,"column":168}},{"start":{"line":15,"column":170},"end":{"line":15,"column":184}}],"line":15},"2":{"loc":{"start":{"line":15,"column":481},"end":{"line":15,"column":554}},"type":"cond-expr","locations":[{"start":{"line":15,"column":526},"end":{"line":15,"column":538}},{"start":{"line":15,"column":539},"end":{"line":15,"column":554}}],"line":15},"3":{"loc":{"start":{"line":15,"column":481},"end":{"line":15,"column":525}},"type":"binary-expr","locations":[{"start":{"line":15,"column":481},"end":{"line":15,"column":499}},{"start":{"line":15,"column":501},"end":{"line":15,"column":525}}],"line":15},"4":{"loc":{"start":{"line":17,"column":0},"end":{"line":32,"column":7}},"type":"switch","locations":[{"start":{"line":30,"column":0},"end":{"line":32,"column":6}}],"line":17},"5":{"loc":{"start":{"line":36,"column":7},"end":{"line":36,"column":23}},"type":"binary-expr","locations":[{"start":{"line":36,"column":7},"end":{"line":36,"column":16}},{"start":{"line":36,"column":18},"end":{"line":36,"column":23}}],"line":36}},"s":{"0":0,"1":0,"2":0,"3":0,"4":0,"5":0,"6":0,"7":0,"8":0,"9":0,"10":0,"11":0,"12":0,"13":0,"14":0},"f":{"0":0,"1":0},"b":{"0":[0,0],"1":[0,0],"2":[0,0],"3":[0,0],"4":[0],"5":[0,0]}}
,"/Users/adrian/Mobile/starter/app/redux/configureStore.js": {"path":"/Users/adrian/Mobile/starter/app/redux/configureStore.js","statementMap":{"0":{"start":{"line":11,"column":20},"end":{"line":13,"column":2}},"1":{"start":{"line":16,"column":16},"end":{"line":21,"column":3}},"2":{"start":{"line":23,"column":2},"end":{"line":23,"column":15}}},"fnMap":{"0":{"name":"configureStore","decl":{"start":{"line":15,"column":24},"end":{"line":15,"column":38}},"loc":{"start":{"line":15,"column":41},"end":{"line":24,"column":1}},"line":15}},"branchMap":{},"s":{"0":1,"1":2,"2":2},"f":{"0":2},"b":{},"_coverageSchema":"332fd63041d2c1bcb487cc26dd0d5f7d97098a6c","hash":"0d4722a7a7d43897312255a82b21b1e73a05346d"}
,"/Users/adrian/Mobile/starter/app/redux/modules/instructions.js": {"path":"/Users/adrian/Mobile/starter/app/redux/modules/instructions.js","statementMap":{},"fnMap":{},"branchMap":{},"s":{},"f":{},"b":{}}
,"/Users/adrian/Mobile/starter/app/screens/HomeScreen.js": {"path":"/Users/adrian/Mobile/starter/app/screens/HomeScreen.js","statementMap":{"0":{"start":{"line":1,"column":0},"end":{"line":1,"column":57}},"1":{"start":{"line":1,"column":57},"end":{"line":1,"column":83}},"2":{"start":{"line":1,"column":96},"end":{"line":1,"column":306}},"3":{"start":{"line":1,"column":128},"end":{"line":1,"column":291}},"4":{"start":{"line":1,"column":175},"end":{"line":1,"column":187}},"5":{"start":{"line":1,"column":188},"end":{"line":1,"column":290}},"6":{"start":{"line":1,"column":211},"end":{"line":1,"column":289}},"7":{"start":{"line":1,"column":264},"end":{"line":1,"column":288}},"8":{"start":{"line":1,"column":291},"end":{"line":1,"column":305}},"9":{"start":{"line":1,"column":324},"end":{"line":1,"column":816}},"10":{"start":{"line":1,"column":375},"end":{"line":1,"column":617}},"11":{"start":{"line":1,"column":422},"end":{"line":1,"column":430}},"12":{"start":{"line":1,"column":431},"end":{"line":1,"column":482}},"13":{"start":{"line":1,"column":482},"end":{"line":1,"column":511}},"14":{"start":{"line":1,"column":511},"end":{"line":1,"column":560}},"15":{"start":{"line":1,"column":535},"end":{"line":1,"column":560}},"16":{"start":{"line":1,"column":560},"end":{"line":1,"column":616}},"17":{"start":{"line":1,"column":618},"end":{"line":1,"column":813}},"18":{"start":{"line":1,"column":670},"end":{"line":1,"column":735}},"19":{"start":{"line":1,"column":684},"end":{"line":1,"column":735}},"20":{"start":{"line":1,"column":735},"end":{"line":1,"column":792}},"21":{"start":{"line":1,"column":750},"end":{"line":1,"column":792}},"22":{"start":{"line":1,"column":792},"end":{"line":1,"column":811}},"23":{"start":{"line":8,"column":11},"end":{"line":8,"column":27}},"24":{"start":{"line":8,"column":40},"end":{"line":8,"column":70}},"25":{"start":{"line":9,"column":17},"end":{"line":9,"column":40}},"26":{"start":{"line":18,"column":10},"end":{"line":18,"column":25}},"27":{"start":{"line":20,"column":16},"end":{"line":20,"column":51}},"28":{"start":{"line":20,"column":89},"end":{"line":20,"column":134}},"29":{"start":{"line":20,"column":182},"end":{"line":20,"column":279}},"30":{"start":{"line":20,"column":221},"end":{"line":20,"column":278}},"31":{"start":{"line":20,"column":327},"end":{"line":20,"column":424}},"32":{"start":{"line":20,"column":337},"end":{"line":20,"column":423}},"33":{"start":{"line":20,"column":424},"end":{"line":20,"column":498}},"34":{"start":{"line":20,"column":539},"end":{"line":20,"column":692}},"35":{"start":{"line":20,"column":593},"end":{"line":20,"column":691}},"36":{"start":{"line":20,"column":692},"end":{"line":20,"column":839}},"37":{"start":{"line":20,"column":839},"end":{"line":20,"column":948}},"38":{"start":{"line":20,"column":853},"end":{"line":20,"column":948}},"39":{"start":{"line":22,"column":12},"end":{"line":125,"column":97}},"40":{"start":{"line":22,"column":53},"end":{"line":22,"column":92}},"41":{"start":{"line":22,"column":144},"end":{"line":22,"column":177}},"42":{"start":{"line":22,"column":177},"end":{"line":22,"column":277}},"43":{"start":{"line":22,"column":249},"end":{"line":22,"column":276}},"44":{"start":{"line":22,"column":277},"end":{"line":60,"column":48}},"45":{"start":{"line":51,"column":0},"end":{"line":52,"column":64}},"46":{"start":{"line":57,"column":0},"end":{"line":58,"column":90}},"47":{"start":{"line":60,"column":49},"end":{"line":125,"column":5}},"48":{"start":{"line":60,"column":166},"end":{"line":60,"column":693}},"49":{"start":{"line":60,"column":198},"end":{"line":60,"column":321}},"50":{"start":{"line":60,"column":322},"end":{"line":60,"column":527}},"51":{"start":{"line":60,"column":533},"end":{"line":60,"column":692}},"52":{"start":{"line":63,"column":0},"end":{"line":118,"column":122}},"53":{"start":{"line":125,"column":5},"end":{"line":125,"column":23}},"54":{"start":{"line":125,"column":99},"end":{"line":125,"column":126}},"55":{"start":{"line":128,"column":11},"end":{"line":213,"column":18}}},"fnMap":{"0":{"name":"(anonymous_0)","decl":{"start":{"line":1,"column":111},"end":{"line":1,"column":112}},"loc":{"start":{"line":1,"column":127},"end":{"line":1,"column":306}},"line":1},"1":{"name":"(anonymous_1)","decl":{"start":{"line":1,"column":324},"end":{"line":1,"column":325}},"loc":{"start":{"line":1,"column":334},"end":{"line":1,"column":814}},"line":1},"2":{"name":"defineProperties","decl":{"start":{"line":1,"column":344},"end":{"line":1,"column":360}},"loc":{"start":{"line":1,"column":374},"end":{"line":1,"column":618}},"line":1},"3":{"name":"(anonymous_3)","decl":{"start":{"line":1,"column":625},"end":{"line":1,"column":626}},"loc":{"start":{"line":1,"column":669},"end":{"line":1,"column":812}},"line":1},"4":{"name":"_interopRequireDefault","decl":{"start":{"line":20,"column":61},"end":{"line":20,"column":83}},"loc":{"start":{"line":20,"column":88},"end":{"line":20,"column":135}},"line":20},"5":{"name":"_classCallCheck","decl":{"start":{"line":20,"column":144},"end":{"line":20,"column":159}},"loc":{"start":{"line":20,"column":181},"end":{"line":20,"column":280}},"line":20},"6":{"name":"_possibleConstructorReturn","decl":{"start":{"line":20,"column":289},"end":{"line":20,"column":315}},"loc":{"start":{"line":20,"column":326},"end":{"line":20,"column":499}},"line":20},"7":{"name":"_inherits","decl":{"start":{"line":20,"column":508},"end":{"line":20,"column":517}},"loc":{"start":{"line":20,"column":538},"end":{"line":20,"column":949}},"line":20},"8":{"name":"(anonymous_8)","decl":{"start":{"line":22,"column":26},"end":{"line":22,"column":27}},"loc":{"start":{"line":22,"column":52},"end":{"line":125,"column":24}},"line":22},"9":{"name":"HomeScreen","decl":{"start":{"line":22,"column":101},"end":{"line":22,"column":111}},"loc":{"start":{"line":22,"column":113},"end":{"line":60,"column":49}},"line":22},"10":{"name":"(anonymous_10)","decl":{"start":{"line":50,"column":21},"end":{"line":50,"column":22}},"loc":{"start":{"line":50,"column":31},"end":{"line":54,"column":1}},"line":50},"11":{"name":"(anonymous_11)","decl":{"start":{"line":56,"column":16},"end":{"line":56,"column":17}},"loc":{"start":{"line":56,"column":26},"end":{"line":60,"column":1}},"line":56},"12":{"name":"maybeRenderDevelopmentModeWarning","decl":{"start":{"line":60,"column":130},"end":{"line":60,"column":163}},"loc":{"start":{"line":60,"column":165},"end":{"line":60,"column":694}},"line":60},"13":{"name":"render","decl":{"start":{"line":60,"column":725},"end":{"line":60,"column":731}},"loc":{"start":{"line":62,"column":0},"end":{"line":125,"column":1}},"line":62}},"branchMap":{"0":{"loc":{"start":{"line":1,"column":96},"end":{"line":1,"column":306}},"type":"binary-expr","locations":[{"start":{"line":1,"column":96},"end":{"line":1,"column":109}},{"start":{"line":1,"column":111},"end":{"line":1,"column":306}}],"line":1},"1":{"loc":{"start":{"line":1,"column":211},"end":{"line":1,"column":289}},"type":"if","locations":[{"start":{"line":1,"column":211},"end":{"line":1,"column":289}},{"start":{"line":1,"column":211},"end":{"line":1,"column":289}}],"line":1},"2":{"loc":{"start":{"line":1,"column":453},"end":{"line":1,"column":481}},"type":"binary-expr","locations":[{"start":{"line":1,"column":453},"end":{"line":1,"column":474}},{"start":{"line":1,"column":476},"end":{"line":1,"column":481}}],"line":1},"3":{"loc":{"start":{"line":1,"column":511},"end":{"line":1,"column":560}},"type":"if","locations":[{"start":{"line":1,"column":511},"end":{"line":1,"column":560}},{"start":{"line":1,"column":511},"end":{"line":1,"column":560}}],"line":1},"4":{"loc":{"start":{"line":1,"column":670},"end":{"line":1,"column":735}},"type":"if","locations":[{"start":{"line":1,"column":670},"end":{"line":1,"column":735}},{"start":{"line":1,"column":670},"end":{"line":1,"column":735}}],"line":1},"5":{"loc":{"start":{"line":1,"column":735},"end":{"line":1,"column":792}},"type":"if","locations":[{"start":{"line":1,"column":735},"end":{"line":1,"column":792}},{"start":{"line":1,"column":735},"end":{"line":1,"column":792}}],"line":1},"6":{"loc":{"start":{"line":20,"column":96},"end":{"line":20,"column":133}},"type":"cond-expr","locations":[{"start":{"line":20,"column":116},"end":{"line":20,"column":119}},{"start":{"line":20,"column":120},"end":{"line":20,"column":133}}],"line":20},"7":{"loc":{"start":{"line":20,"column":96},"end":{"line":20,"column":115}},"type":"binary-expr","locations":[{"start":{"line":20,"column":96},"end":{"line":20,"column":99}},{"start":{"line":20,"column":101},"end":{"line":20,"column":115}}],"line":20},"8":{"loc":{"start":{"line":20,"column":182},"end":{"line":20,"column":279}},"type":"if","locations":[{"start":{"line":20,"column":182},"end":{"line":20,"column":279}},{"start":{"line":20,"column":182},"end":{"line":20,"column":279}}],"line":20},"9":{"loc":{"start":{"line":20,"column":327},"end":{"line":20,"column":424}},"type":"if","locations":[{"start":{"line":20,"column":327},"end":{"line":20,"column":424}},{"start":{"line":20,"column":327},"end":{"line":20,"column":424}}],"line":20},"10":{"loc":{"start":{"line":20,"column":431},"end":{"line":20,"column":497}},"type":"cond-expr","locations":[{"start":{"line":20,"column":488},"end":{"line":20,"column":492}},{"start":{"line":20,"column":493},"end":{"line":20,"column":497}}],"line":20},"11":{"loc":{"start":{"line":20,"column":431},"end":{"line":20,"column":487}},"type":"binary-expr","locations":[{"start":{"line":20,"column":431},"end":{"line":20,"column":435}},{"start":{"line":20,"column":438},"end":{"line":20,"column":460}},{"start":{"line":20,"column":462},"end":{"line":20,"column":486}}],"line":20},"12":{"loc":{"start":{"line":20,"column":539},"end":{"line":20,"column":692}},"type":"if","locations":[{"start":{"line":20,"column":539},"end":{"line":20,"column":692}},{"start":{"line":20,"column":539},"end":{"line":20,"column":692}}],"line":20},"13":{"loc":{"start":{"line":20,"column":542},"end":{"line":20,"column":591}},"type":"binary-expr","locations":[{"start":{"line":20,"column":542},"end":{"line":20,"column":572}},{"start":{"line":20,"column":574},"end":{"line":20,"column":591}}],"line":20},"14":{"loc":{"start":{"line":20,"column":725},"end":{"line":20,"column":757}},"type":"binary-expr","locations":[{"start":{"line":20,"column":725},"end":{"line":20,"column":735}},{"start":{"line":20,"column":737},"end":{"line":20,"column":757}}],"line":20},"15":{"loc":{"start":{"line":20,"column":839},"end":{"line":20,"column":948}},"type":"if","locations":[{"start":{"line":20,"column":839},"end":{"line":20,"column":948}},{"start":{"line":20,"column":839},"end":{"line":20,"column":948}}],"line":20},"16":{"loc":{"start":{"line":20,"column":853},"end":{"line":20,"column":947}},"type":"cond-expr","locations":[{"start":{"line":20,"column":875},"end":{"line":20,"column":917}},{"start":{"line":20,"column":918},"end":{"line":20,"column":947}}],"line":20},"17":{"loc":{"start":{"line":22,"column":341},"end":{"line":22,"column":396}},"type":"binary-expr","locations":[{"start":{"line":22,"column":341},"end":{"line":22,"column":361}},{"start":{"line":22,"column":363},"end":{"line":22,"column":396}}],"line":22},"18":{"loc":{"start":{"line":60,"column":166},"end":{"line":60,"column":693}},"type":"if","locations":[{"start":{"line":60,"column":166},"end":{"line":60,"column":693}},{"start":{"line":60,"column":166},"end":{"line":60,"column":693}}],"line":60},"19":{"loc":{"start":{"line":72,"column":0},"end":{"line":74,"column":42}},"type":"cond-expr","locations":[{"start":{"line":73,"column":0},"end":{"line":73,"column":41}},{"start":{"line":74,"column":0},"end":{"line":74,"column":42}}],"line":72}},"s":{"0":0,"1":0,"2":0,"3":0,"4":0,"5":0,"6":0,"7":0,"8":0,"9":0,"10":0,"11":0,"12":0,"13":0,"14":0,"15":0,"16":0,"17":0,"18":0,"19":0,"20":0,"21":0,"22":0,"23":0,"24":0,"25":0,"26":0,"27":0,"28":0,"29":0,"30":0,"31":0,"32":0,"33":0,"34":0,"35":0,"36":0,"37":0,"38":0,"39":0,"40":0,"41":0,"42":0,"43":0,"44":0,"45":0,"46":0,"47":0,"48":0,"49":0,"50":0,"51":0,"52":0,"53":0,"54":0,"55":0},"f":{"0":0,"1":0,"2":0,"3":0,"4":0,"5":0,"6":0,"7":0,"8":0,"9":0,"10":0,"11":0,"12":0,"13":0},"b":{"0":[0,0],"1":[0,0],"2":[0,0],"3":[0,0],"4":[0,0],"5":[0,0],"6":[0,0],"7":[0,0],"8":[0,0],"9":[0,0],"10":[0,0],"11":[0,0,0],"12":[0,0],"13":[0,0],"14":[0,0],"15":[0,0],"16":[0,0],"17":[0,0],"18":[0,0],"19":[0,0]}}
,"/Users/adrian/Mobile/starter/app/screens/InfoScreen.js": {"path":"/Users/adrian/Mobile/starter/app/screens/InfoScreen.js","statementMap":{"0":{"start":{"line":1,"column":0},"end":{"line":1,"column":57}},"1":{"start":{"line":1,"column":57},"end":{"line":1,"column":83}},"2":{"start":{"line":1,"column":100},"end":{"line":1,"column":592}},"3":{"start":{"line":1,"column":151},"end":{"line":1,"column":393}},"4":{"start":{"line":1,"column":198},"end":{"line":1,"column":206}},"5":{"start":{"line":1,"column":207},"end":{"line":1,"column":258}},"6":{"start":{"line":1,"column":258},"end":{"line":1,"column":287}},"7":{"start":{"line":1,"column":287},"end":{"line":1,"column":336}},"8":{"start":{"line":1,"column":311},"end":{"line":1,"column":336}},"9":{"start":{"line":1,"column":336},"end":{"line":1,"column":392}},"10":{"start":{"line":1,"column":394},"end":{"line":1,"column":589}},"11":{"start":{"line":1,"column":446},"end":{"line":1,"column":511}},"12":{"start":{"line":1,"column":460},"end":{"line":1,"column":511}},"13":{"start":{"line":1,"column":511},"end":{"line":1,"column":568}},"14":{"start":{"line":1,"column":526},"end":{"line":1,"column":568}},"15":{"start":{"line":1,"column":568},"end":{"line":1,"column":587}},"16":{"start":{"line":1,"column":621},"end":{"line":1,"column":637}},"17":{"start":{"line":1,"column":650},"end":{"line":1,"column":680}},"18":{"start":{"line":2,"column":13},"end":{"line":2,"column":37}},"19":{"start":{"line":2,"column":75},"end":{"line":2,"column":120}},"20":{"start":{"line":2,"column":168},"end":{"line":2,"column":265}},"21":{"start":{"line":2,"column":207},"end":{"line":2,"column":264}},"22":{"start":{"line":2,"column":313},"end":{"line":2,"column":410}},"23":{"start":{"line":2,"column":323},"end":{"line":2,"column":409}},"24":{"start":{"line":2,"column":410},"end":{"line":2,"column":484}},"25":{"start":{"line":2,"column":525},"end":{"line":2,"column":678}},"26":{"start":{"line":2,"column":579},"end":{"line":2,"column":677}},"27":{"start":{"line":2,"column":678},"end":{"line":2,"column":825}},"28":{"start":{"line":2,"column":825},"end":{"line":2,"column":934}},"29":{"start":{"line":2,"column":839},"end":{"line":2,"column":934}},"30":{"start":{"line":6,"column":0},"end":{"line":6,"column":11}},"31":{"start":{"line":9,"column":0},"end":{"line":9,"column":14}},"32":{"start":{"line":11,"column":12},"end":{"line":20,"column":97}},"33":{"start":{"line":11,"column":52},"end":{"line":11,"column":91}},"34":{"start":{"line":11,"column":113},"end":{"line":11,"column":146}},"35":{"start":{"line":11,"column":146},"end":{"line":11,"column":266}},"36":{"start":{"line":11,"column":267},"end":{"line":20,"column":5}},"37":{"start":{"line":19,"column":0},"end":{"line":19,"column":67}},"38":{"start":{"line":20,"column":5},"end":{"line":20,"column":23}},"39":{"start":{"line":20,"column":99},"end":{"line":20,"column":126}}},"fnMap":{"0":{"name":"(anonymous_0)","decl":{"start":{"line":1,"column":100},"end":{"line":1,"column":101}},"loc":{"start":{"line":1,"column":110},"end":{"line":1,"column":590}},"line":1},"1":{"name":"defineProperties","decl":{"start":{"line":1,"column":120},"end":{"line":1,"column":136}},"loc":{"start":{"line":1,"column":150},"end":{"line":1,"column":394}},"line":1},"2":{"name":"(anonymous_2)","decl":{"start":{"line":1,"column":401},"end":{"line":1,"column":402}},"loc":{"start":{"line":1,"column":445},"end":{"line":1,"column":588}},"line":1},"3":{"name":"_interopRequireDefault","decl":{"start":{"line":2,"column":47},"end":{"line":2,"column":69}},"loc":{"start":{"line":2,"column":74},"end":{"line":2,"column":121}},"line":2},"4":{"name":"_classCallCheck","decl":{"start":{"line":2,"column":130},"end":{"line":2,"column":145}},"loc":{"start":{"line":2,"column":167},"end":{"line":2,"column":266}},"line":2},"5":{"name":"_possibleConstructorReturn","decl":{"start":{"line":2,"column":275},"end":{"line":2,"column":301}},"loc":{"start":{"line":2,"column":312},"end":{"line":2,"column":485}},"line":2},"6":{"name":"_inherits","decl":{"start":{"line":2,"column":494},"end":{"line":2,"column":503}},"loc":{"start":{"line":2,"column":524},"end":{"line":2,"column":935}},"line":2},"7":{"name":"square","decl":{"start":{"line":5,"column":9},"end":{"line":5,"column":15}},"loc":{"start":{"line":5,"column":18},"end":{"line":7,"column":1}},"line":5},"8":{"name":"(anonymous_8)","decl":{"start":{"line":11,"column":25},"end":{"line":11,"column":26}},"loc":{"start":{"line":11,"column":51},"end":{"line":20,"column":24}},"line":11},"9":{"name":"InfoScreen","decl":{"start":{"line":11,"column":100},"end":{"line":11,"column":110}},"loc":{"start":{"line":11,"column":112},"end":{"line":11,"column":267}},"line":11},"10":{"name":"render","decl":{"start":{"line":11,"column":321},"end":{"line":11,"column":327}},"loc":{"start":{"line":16,"column":0},"end":{"line":20,"column":1}},"line":16}},"branchMap":{"0":{"loc":{"start":{"line":1,"column":229},"end":{"line":1,"column":257}},"type":"binary-expr","locations":[{"start":{"line":1,"column":229},"end":{"line":1,"column":250}},{"start":{"line":1,"column":252},"end":{"line":1,"column":257}}],"line":1},"1":{"loc":{"start":{"line":1,"column":287},"end":{"line":1,"column":336}},"type":"if","locations":[{"start":{"line":1,"column":287},"end":{"line":1,"column":336}},{"start":{"line":1,"column":287},"end":{"line":1,"column":336}}],"line":1},"2":{"loc":{"start":{"line":1,"column":446},"end":{"line":1,"column":511}},"type":"if","locations":[{"start":{"line":1,"column":446},"end":{"line":1,"column":511}},{"start":{"line":1,"column":446},"end":{"line":1,"column":511}}],"line":1},"3":{"loc":{"start":{"line":1,"column":511},"end":{"line":1,"column":568}},"type":"if","locations":[{"start":{"line":1,"column":511},"end":{"line":1,"column":568}},{"start":{"line":1,"column":511},"end":{"line":1,"column":568}}],"line":1},"4":{"loc":{"start":{"line":2,"column":82},"end":{"line":2,"column":119}},"type":"cond-expr","locations":[{"start":{"line":2,"column":102},"end":{"line":2,"column":105}},{"start":{"line":2,"column":106},"end":{"line":2,"column":119}}],"line":2},"5":{"loc":{"start":{"line":2,"column":82},"end":{"line":2,"column":101}},"type":"binary-expr","locations":[{"start":{"line":2,"column":82},"end":{"line":2,"column":85}},{"start":{"line":2,"column":87},"end":{"line":2,"column":101}}],"line":2},"6":{"loc":{"start":{"line":2,"column":168},"end":{"line":2,"column":265}},"type":"if","locations":[{"start":{"line":2,"column":168},"end":{"line":2,"column":265}},{"start":{"line":2,"column":168},"end":{"line":2,"column":265}}],"line":2},"7":{"loc":{"start":{"line":2,"column":313},"end":{"line":2,"column":410}},"type":"if","locations":[{"start":{"line":2,"column":313},"end":{"line":2,"column":410}},{"start":{"line":2,"column":313},"end":{"line":2,"column":410}}],"line":2},"8":{"loc":{"start":{"line":2,"column":417},"end":{"line":2,"column":483}},"type":"cond-expr","locations":[{"start":{"line":2,"column":474},"end":{"line":2,"column":478}},{"start":{"line":2,"column":479},"end":{"line":2,"column":483}}],"line":2},"9":{"loc":{"start":{"line":2,"column":417},"end":{"line":2,"column":473}},"type":"binary-expr","locations":[{"start":{"line":2,"column":417},"end":{"line":2,"column":421}},{"start":{"line":2,"column":424},"end":{"line":2,"column":446}},{"start":{"line":2,"column":448},"end":{"line":2,"column":472}}],"line":2},"10":{"loc":{"start":{"line":2,"column":525},"end":{"line":2,"column":678}},"type":"if","locations":[{"start":{"line":2,"column":525},"end":{"line":2,"column":678}},{"start":{"line":2,"column":525},"end":{"line":2,"column":678}}],"line":2},"11":{"loc":{"start":{"line":2,"column":528},"end":{"line":2,"column":577}},"type":"binary-expr","locations":[{"start":{"line":2,"column":528},"end":{"line":2,"column":558}},{"start":{"line":2,"column":560},"end":{"line":2,"column":577}}],"line":2},"12":{"loc":{"start":{"line":2,"column":711},"end":{"line":2,"column":743}},"type":"binary-expr","locations":[{"start":{"line":2,"column":711},"end":{"line":2,"column":721}},{"start":{"line":2,"column":723},"end":{"line":2,"column":743}}],"line":2},"13":{"loc":{"start":{"line":2,"column":825},"end":{"line":2,"column":934}},"type":"if","locations":[{"start":{"line":2,"column":825},"end":{"line":2,"column":934}},{"start":{"line":2,"column":825},"end":{"line":2,"column":934}}],"line":2},"14":{"loc":{"start":{"line":2,"column":839},"end":{"line":2,"column":933}},"type":"cond-expr","locations":[{"start":{"line":2,"column":861},"end":{"line":2,"column":903}},{"start":{"line":2,"column":904},"end":{"line":2,"column":933}}],"line":2},"15":{"loc":{"start":{"line":11,"column":186},"end":{"line":11,"column":241}},"type":"binary-expr","locations":[{"start":{"line":11,"column":186},"end":{"line":11,"column":206}},{"start":{"line":11,"column":208},"end":{"line":11,"column":241}}],"line":11}},"s":{"0":0,"1":0,"2":0,"3":0,"4":0,"5":0,"6":0,"7":0,"8":0,"9":0,"10":0,"11":0,"12":0,"13":0,"14":0,"15":0,"16":0,"17":0,"18":0,"19":0,"20":0,"21":0,"22":0,"23":0,"24":0,"25":0,"26":0,"27":0,"28":0,"29":0,"30":0,"31":0,"32":0,"33":0,"34":0,"35":0,"36":0,"37":0,"38":0,"39":0},"f":{"0":0,"1":0,"2":0,"3":0,"4":0,"5":0,"6":0,"7":0,"8":0,"9":0,"10":0},"b":{"0":[0,0],"1":[0,0],"2":[0,0],"3":[0,0],"4":[0,0],"5":[0,0],"6":[0,0],"7":[0,0],"8":[0,0],"9":[0,0,0],"10":[0,0],"11":[0,0],"12":[0,0],"13":[0,0],"14":[0,0],"15":[0,0]}}
,"/Users/adrian/Mobile/starter/components/StyledText.js": {"path":"/Users/adrian/Mobile/starter/components/StyledText.js","statementMap":{"0":{"start":{"line":8,"column":4},"end":{"line":8,"column":63}}},"fnMap":{"0":{"name":"(anonymous_0)","decl":{"start":{"line":7,"column":2},"end":{"line":7,"column":3}},"loc":{"start":{"line":7,"column":11},"end":{"line":9,"column":3}},"line":7}},"branchMap":{},"s":{"0":5},"f":{"0":5},"b":{},"_coverageSchema":"332fd63041d2c1bcb487cc26dd0d5f7d97098a6c","hash":"dcf7a94a71bedaebe515bd93414b1d646deb978e"}
,"/Users/adrian/Mobile/starter/constants/Colors.js": {"path":"/Users/adrian/Mobile/starter/constants/Colors.js","statementMap":{"0":{"start":{"line":1,"column":18},"end":{"line":1,"column":27}}},"fnMap":{},"branchMap":{},"s":{"0":1},"f":{},"b":{},"_coverageSchema":"332fd63041d2c1bcb487cc26dd0d5f7d97098a6c","hash":"2ceaeb6c131ef2199955a7c5e811bcf0ea9d6507"}
,"/Users/adrian/Mobile/starter/navigation/AppWithNavigationState.js": {"path":"/Users/adrian/Mobile/starter/navigation/AppWithNavigationState.js","statementMap":{"0":{"start":{"line":16,"column":31},"end":{"line":17,"column":79}},"1":{"start":{"line":17,"column":2},"end":{"line":17,"column":79}},"2":{"start":{"line":19,"column":0},"end":{"line":22,"column":2}},"3":{"start":{"line":24,"column":24},"end":{"line":26,"column":2}},"4":{"start":{"line":24,"column":34},"end":{"line":26,"column":1}}},"fnMap":{"0":{"name":"(anonymous_0)","decl":{"start":{"line":16,"column":31},"end":{"line":16,"column":32}},"loc":{"start":{"line":17,"column":2},"end":{"line":17,"column":79}},"line":17},"1":{"name":"(anonymous_1)","decl":{"start":{"line":24,"column":24},"end":{"line":24,"column":25}},"loc":{"start":{"line":24,"column":34},"end":{"line":26,"column":1}},"line":24}},"branchMap":{},"s":{"0":1,"1":2,"2":1,"3":1,"4":2},"f":{"0":2,"1":2},"b":{},"_coverageSchema":"332fd63041d2c1bcb487cc26dd0d5f7d97098a6c","hash":"c9e7c714cfe49abc562abfd15e6adb177c8c75a0"}
,"/Users/adrian/Mobile/starter/navigation/MainTabNavigator.js": {"path":"/Users/adrian/Mobile/starter/navigation/MainTabNavigator.js","statementMap":{"0":{"start":{"line":30,"column":44},"end":{"line":56,"column":5}},"1":{"start":{"line":32,"column":30},"end":{"line":32,"column":46}},"2":{"start":{"line":34,"column":8},"end":{"line":46,"column":9}},"3":{"start":{"line":36,"column":12},"end":{"line":39,"column":28}},"4":{"start":{"line":40,"column":12},"end":{"line":40,"column":18}},"5":{"start":{"line":42,"column":12},"end":{"line":45,"column":42}},"6":{"start":{"line":47,"column":8},"end":{"line":54,"column":10}}},"fnMap":{"0":{"name":"(anonymous_0)","decl":{"start":{"line":30,"column":23},"end":{"line":30,"column":24}},"loc":{"start":{"line":30,"column":44},"end":{"line":56,"column":5}},"line":30},"1":{"name":"(anonymous_1)","decl":{"start":{"line":31,"column":18},"end":{"line":31,"column":19}},"loc":{"start":{"line":31,"column":35},"end":{"line":55,"column":7}},"line":31}},"branchMap":{"0":{"loc":{"start":{"line":34,"column":8},"end":{"line":46,"column":9}},"type":"switch","locations":[{"start":{"line":35,"column":10},"end":{"line":40,"column":18}},{"start":{"line":41,"column":10},"end":{"line":45,"column":42}}],"line":34},"1":{"loc":{"start":{"line":37,"column":14},"end":{"line":39,"column":27}},"type":"cond-expr","locations":[{"start":{"line":38,"column":18},"end":{"line":38,"column":56}},{"start":{"line":39,"column":18},"end":{"line":39,"column":27}}],"line":37},"2":{"loc":{"start":{"line":38,"column":29},"end":{"line":38,"column":54}},"type":"cond-expr","locations":[{"start":{"line":38,"column":39},"end":{"line":38,"column":41}},{"start":{"line":38,"column":44},"end":{"line":38,"column":54}}],"line":38},"3":{"loc":{"start":{"line":43,"column":14},"end":{"line":45,"column":41}},"type":"cond-expr","locations":[{"start":{"line":44,"column":18},"end":{"line":44,"column":70}},{"start":{"line":45,"column":18},"end":{"line":45,"column":41}}],"line":43},"4":{"loc":{"start":{"line":44,"column":43},"end":{"line":44,"column":68}},"type":"cond-expr","locations":[{"start":{"line":44,"column":53},"end":{"line":44,"column":55}},{"start":{"line":44,"column":58},"end":{"line":44,"column":68}}],"line":44},"5":{"loc":{"start":{"line":52,"column":19},"end":{"line":52,"column":75}},"type":"cond-expr","locations":[{"start":{"line":52,"column":29},"end":{"line":52,"column":51}},{"start":{"line":52,"column":54},"end":{"line":52,"column":75}}],"line":52}},"s":{"0":14,"1":8,"2":8,"3":4,"4":4,"5":4,"6":8},"f":{"0":14,"1":8},"b":{"0":[4,4],"1":[4,0],"2":[2,2],"3":[4,0],"4":[2,2],"5":[4,4]},"_coverageSchema":"332fd63041d2c1bcb487cc26dd0d5f7d97098a6c","hash":"ff55d5b6498d8547ef642d8f90bcdac4fa233d7e"}
,"/Users/adrian/Mobile/starter/navigation/RootNavigation.js": {"path":"/Users/adrian/Mobile/starter/navigation/RootNavigation.js","statementMap":{"0":{"start":{"line":27,"column":4},"end":{"line":27,"column":72}},"1":{"start":{"line":32,"column":4},"end":{"line":32,"column":76}},"2":{"start":{"line":40,"column":4},"end":{"line":40,"column":40}},"3":{"start":{"line":43,"column":4},"end":{"line":45,"column":6}},"4":{"start":{"line":50,"column":4},"end":{"line":52,"column":6}},"5":{"start":{"line":56,"column":4},"end":{"line":56,"column":67}}},"fnMap":{"0":{"name":"(anonymous_0)","decl":{"start":{"line":26,"column":2},"end":{"line":26,"column":3}},"loc":{"start":{"line":26,"column":22},"end":{"line":28,"column":3}},"line":26},"1":{"name":"(anonymous_1)","decl":{"start":{"line":30,"column":2},"end":{"line":30,"column":3}},"loc":{"start":{"line":30,"column":25},"end":{"line":33,"column":3}},"line":30},"2":{"name":"(anonymous_2)","decl":{"start":{"line":35,"column":2},"end":{"line":35,"column":3}},"loc":{"start":{"line":35,"column":33},"end":{"line":46,"column":3}},"line":35},"3":{"name":"(anonymous_3)","decl":{"start":{"line":48,"column":23},"end":{"line":48,"column":24}},"loc":{"start":{"line":48,"column":45},"end":{"line":53,"column":3}},"line":48},"4":{"name":"(anonymous_4)","decl":{"start":{"line":55,"column":2},"end":{"line":55,"column":3}},"loc":{"start":{"line":55,"column":11},"end":{"line":57,"column":3}},"line":55}},"branchMap":{"0":{"loc":{"start":{"line":32,"column":4},"end":{"line":32,"column":75}},"type":"binary-expr","locations":[{"start":{"line":32,"column":4},"end":{"line":32,"column":33}},{"start":{"line":32,"column":37},"end":{"line":32,"column":75}}],"line":32}},"s":{"0":2,"1":0,"2":2,"3":2,"4":0,"5":2},"f":{"0":2,"1":0,"2":2,"3":0,"4":2},"b":{"0":[0,0]},"_coverageSchema":"332fd63041d2c1bcb487cc26dd0d5f7d97098a6c","hash":"8897ddc2355ab84dbc1db3ad92c0fbd5f20aedc5"}
,"/Users/adrian/Mobile/starter/navigation/navReducer.js": {"path":"/Users/adrian/Mobile/starter/navigation/navReducer.js","statementMap":{"0":{"start":{"line":7,"column":20},"end":{"line":7,"column":73}},"1":{"start":{"line":8,"column":21},"end":{"line":8,"column":71}},"2":{"start":{"line":10,"column":24},"end":{"line":13,"column":1}},"3":{"start":{"line":17,"column":2},"end":{"line":33,"column":3}},"4":{"start":{"line":31,"column":6},"end":{"line":31,"column":71}},"5":{"start":{"line":32,"column":6},"end":{"line":32,"column":12}},"6":{"start":{"line":36,"column":2},"end":{"line":36,"column":28}}},"fnMap":{"0":{"name":"nav","decl":{"start":{"line":15,"column":24},"end":{"line":15,"column":27}},"loc":{"start":{"line":15,"column":61},"end":{"line":37,"column":1}},"line":15}},"branchMap":{"0":{"loc":{"start":{"line":15,"column":28},"end":{"line":15,"column":51}},"type":"default-arg","locations":[{"start":{"line":15,"column":36},"end":{"line":15,"column":51}}],"line":15},"1":{"loc":{"start":{"line":17,"column":2},"end":{"line":33,"column":3}},"type":"switch","locations":[{"start":{"line":30,"column":4},"end":{"line":32,"column":12}}],"line":17},"2":{"loc":{"start":{"line":36,"column":9},"end":{"line":36,"column":27}},"type":"binary-expr","locations":[{"start":{"line":36,"column":9},"end":{"line":36,"column":18}},{"start":{"line":36,"column":22},"end":{"line":36,"column":27}}],"line":36}},"s":{"0":1,"1":1,"2":1,"3":4,"4":4,"5":4,"6":4},"f":{"0":4},"b":{"0":[4],"1":[4],"2":[4,0]},"_coverageSchema":"332fd63041d2c1bcb487cc26dd0d5f7d97098a6c","hash":"27692af1628ddea3529013c1cb2a4da26925001a"}
,"/Users/adrian/Mobile/starter/screens/HomeScreen.js": {"path":"/Users/adrian/Mobile/starter/screens/HomeScreen.js","statementMap":{"0":{"start":{"line":28,"column":4},"end":{"line":47,"column":5}},"1":{"start":{"line":30,"column":8},"end":{"line":32,"column":15}},"2":{"start":{"line":35,"column":6},"end":{"line":40,"column":8}},"3":{"start":{"line":42,"column":6},"end":{"line":46,"column":8}},"4":{"start":{"line":51,"column":4},"end":{"line":53,"column":6}},"5":{"start":{"line":57,"column":4},"end":{"line":59,"column":6}},"6":{"start":{"line":63,"column":4},"end":{"line":124,"column":6}},"7":{"start":{"line":128,"column":15},"end":{"line":215,"column":2}}},"fnMap":{"0":{"name":"(anonymous_0)","decl":{"start":{"line":27,"column":2},"end":{"line":27,"column":3}},"loc":{"start":{"line":27,"column":38},"end":{"line":48,"column":3}},"line":27},"1":{"name":"(anonymous_1)","decl":{"start":{"line":50,"column":25},"end":{"line":50,"column":26}},"loc":{"start":{"line":50,"column":31},"end":{"line":54,"column":3}},"line":50},"2":{"name":"(anonymous_2)","decl":{"start":{"line":56,"column":20},"end":{"line":56,"column":21}},"loc":{"start":{"line":56,"column":26},"end":{"line":60,"column":3}},"line":56},"3":{"name":"(anonymous_3)","decl":{"start":{"line":62,"column":2},"end":{"line":62,"column":3}},"loc":{"start":{"line":62,"column":11},"end":{"line":125,"column":3}},"line":62}},"branchMap":{"0":{"loc":{"start":{"line":28,"column":4},"end":{"line":47,"column":5}},"type":"if","locations":[{"start":{"line":28,"column":4},"end":{"line":47,"column":5}},{"start":{"line":28,"column":4},"end":{"line":47,"column":5}}],"line":28},"1":{"loc":{"start":{"line":72,"column":16},"end":{"line":74,"column":62}},"type":"cond-expr","locations":[{"start":{"line":73,"column":20},"end":{"line":73,"column":61}},{"start":{"line":74,"column":20},"end":{"line":74,"column":62}}],"line":72}},"s":{"0":2,"1":2,"2":2,"3":0,"4":0,"5":0,"6":2,"7":1},"f":{"0":2,"1":0,"2":0,"3":2},"b":{"0":[2,0],"1":[2,0]},"_coverageSchema":"332fd63041d2c1bcb487cc26dd0d5f7d97098a6c","hash":"fe21ce914e3f60eaec2c11d3f4fa5cfd203f3c21"}
,"/Users/adrian/Mobile/starter/screens/InfoScreen.js": {"path":"/Users/adrian/Mobile/starter/screens/InfoScreen.js","statementMap":{"0":{"start":{"line":6,"column":2},"end":{"line":6,"column":15}},"1":{"start":{"line":9,"column":0},"end":{"line":9,"column":14}},"2":{"start":{"line":19,"column":4},"end":{"line":19,"column":30}}},"fnMap":{"0":{"name":"square","decl":{"start":{"line":5,"column":9},"end":{"line":5,"column":15}},"loc":{"start":{"line":5,"column":35},"end":{"line":7,"column":1}},"line":5},"1":{"name":"(anonymous_1)","decl":{"start":{"line":16,"column":2},"end":{"line":16,"column":3}},"loc":{"start":{"line":16,"column":11},"end":{"line":20,"column":3}},"line":16}},"branchMap":{},"s":{"0":1,"1":1,"2":0},"f":{"0":1,"1":0},"b":{},"_coverageSchema":"332fd63041d2c1bcb487cc26dd0d5f7d97098a6c","hash":"976000aa4bb41372f65b66c475c03c34a6667cb5"}
}
