TN:
SF:/Users/adrian/Mobile/starter/app/App.js
FN:20,(anonymous_0)
FNF:1
FNH:1
FNDA:1,(anonymous_0)
DA:21,1
DA:34,1
LF:2
LH:2
BRDA:24,0,0,1
BRDA:24,0,1,1
BRDA:25,1,0,1
BRDA:25,1,1,0
BRF:4
BRH:3
end_of_record
TN:
SF:/Users/adrian/Mobile/starter/app/components/Item.js
FN:7,(anonymous_0)
FNF:1
FNH:1
FNDA:1,(anonymous_0)
DA:8,1
LF:1
LH:1
BRF:0
BRH:0
end_of_record
TN:
SF:/Users/adrian/Mobile/starter/app/components/StyledText.js
FN:7,(anonymous_0)
FNF:1
FNH:1
FNDA:3,(anonymous_0)
DA:8,3
LF:1
LH:1
BRF:0
BRH:0
end_of_record
TN:
SF:/Users/adrian/Mobile/starter/app/components/Test.js
FN:7,(anonymous_0)
FNF:1
FNH:1
FNDA:1,(anonymous_0)
DA:8,1
LF:1
LH:1
BRF:0
BRH:0
end_of_record
TN:
SF:/Users/adrian/Mobile/starter/app/constants/Colors.js
FNF:0
FNH:0
DA:1,1
LF:1
LH:1
BRF:0
BRH:0
end_of_record
TN:
SF:/Users/adrian/Mobile/starter/app/constants/Layout.js
FNF:0
FNH:0
DA:1,0
DA:3,0
DA:4,0
LF:3
LH:0
BRF:0
BRH:0
end_of_record
TN:
SF:/Users/adrian/Mobile/starter/app/redux/configureStore.js
FN:15,configureStore
FNF:1
FNH:1
FNDA:1,configureStore
DA:11,1
DA:16,1
DA:23,1
LF:3
LH:3
BRF:0
BRH:0
end_of_record
TN:
SF:/Users/adrian/Mobile/starter/app/redux/modules/instructions.js
FNF:0
FNH:0
LF:0
LH:0
BRF:0
BRH:0
end_of_record
TN:
SF:/Users/adrian/Mobile/starter/app/screens/HomeScreen.js
FN:27,(anonymous_0)
FN:50,(anonymous_1)
FN:56,(anonymous_2)
FN:62,(anonymous_3)
FNF:4
FNH:2
FNDA:1,(anonymous_0)
FNDA:0,(anonymous_1)
FNDA:0,(anonymous_2)
FNDA:1,(anonymous_3)
DA:28,1
DA:30,1
DA:35,1
DA:42,0
DA:51,0
DA:57,0
DA:63,1
DA:128,1
LF:8
LH:5
BRDA:28,0,0,1
BRDA:28,0,1,0
BRDA:72,1,0,1
BRDA:72,1,1,0
BRF:4
BRH:2
end_of_record
TN:
SF:/Users/adrian/Mobile/starter/app/screens/InfoScreen.js
FN:9,(anonymous_0)
FNF:1
FNH:0
FNDA:0,(anonymous_0)
DA:12,0
LF:1
LH:0
BRF:0
BRH:0
end_of_record
