TN:
SF:/Users/adrian/Mobile/starter/api/registerForPushNotificationsAsync.js
FN:7,registerForPushNotificationsAsync
FNF:1
FNH:1
FNDA:2,registerForPushNotificationsAsync
DA:5,1
DA:10,2
DA:13,0
DA:14,0
DA:18,0
DA:21,0
LF:6
LH:2
BRDA:13,0,0,0
BRDA:13,0,1,0
BRF:2
BRH:0
end_of_record
TN:
SF:/Users/adrian/Mobile/starter/app/App.js
FN:26,(anonymous_0)
FN:30,(anonymous_1)
FN:58,(anonymous_2)
FNF:3
FNH:3
FNDA:2,(anonymous_0)
FNDA:2,(anonymous_1)
FNDA:4,(anonymous_2)
DA:27,2
DA:31,2
DA:32,2
DA:48,0
DA:52,0
DA:54,2
DA:59,4
DA:60,1
DA:62,3
DA:76,1
LF:10
LH:8
BRDA:59,0,0,1
BRDA:59,0,1,3
BRDA:59,1,0,4
BRDA:59,1,1,2
BRDA:65,2,0,3
BRDA:65,2,1,3
BRDA:66,3,0,3
BRDA:66,3,1,0
BRF:8
BRH:7
end_of_record
TN:
SF:/Users/adrian/Mobile/starter/app/api/registerForPushNotificationsAsync.js
FN:7,registerForPushNotificationsAsync
FN:7,registerForPushNotificationsAsync$
FNF:2
FNH:0
FNDA:0,registerForPushNotificationsAsync
FNDA:0,registerForPushNotificationsAsync$
DA:1,0
DA:2,0
DA:5,0
DA:7,0
DA:10,0
DA:13,0
DA:18,0
DA:29,0
LF:8
LH:0
BRDA:7,0,0,0
BRDA:7,0,1,0
BRDA:7,0,2,0
BRDA:7,0,3,0
BRDA:7,0,4,0
BRDA:7,0,5,0
BRDA:10,1,0,0
BRDA:10,1,1,0
BRF:8
BRH:0
end_of_record
TN:
SF:/Users/adrian/Mobile/starter/app/components/StyledText.js
FN:1,(anonymous_0)
FN:1,(anonymous_1)
FN:1,defineProperties
FN:1,(anonymous_3)
FN:4,_interopRequireDefault
FN:4,_classCallCheck
FN:4,_possibleConstructorReturn
FN:4,_inherits
FN:6,(anonymous_8)
FN:6,MonoText
FN:6,render
FNF:11
FNH:0
FNDA:0,(anonymous_0)
FNDA:0,(anonymous_1)
FNDA:0,defineProperties
FNDA:0,(anonymous_3)
FNDA:0,_interopRequireDefault
FNDA:0,_classCallCheck
FNDA:0,_possibleConstructorReturn
FNDA:0,_inherits
FNDA:0,(anonymous_8)
FNDA:0,MonoText
FNDA:0,render
DA:1,0
DA:3,0
DA:4,0
DA:6,0
DA:8,0
DA:9,0
LF:6
LH:0
BRDA:1,0,0,0
BRDA:1,0,1,0
BRDA:1,1,0,0
BRDA:1,1,1,0
BRDA:1,2,0,0
BRDA:1,2,1,0
BRDA:1,3,0,0
BRDA:1,3,1,0
BRDA:1,4,0,0
BRDA:1,4,1,0
BRDA:1,5,0,0
BRDA:1,5,1,0
BRDA:4,6,0,0
BRDA:4,6,1,0
BRDA:4,7,0,0
BRDA:4,7,1,0
BRDA:4,8,0,0
BRDA:4,8,1,0
BRDA:4,9,0,0
BRDA:4,9,1,0
BRDA:4,10,0,0
BRDA:4,10,1,0
BRDA:4,11,0,0
BRDA:4,11,1,0
BRDA:4,11,2,0
BRDA:4,12,0,0
BRDA:4,12,1,0
BRDA:4,13,0,0
BRDA:4,13,1,0
BRDA:4,14,0,0
BRDA:4,14,1,0
BRDA:4,15,0,0
BRDA:4,15,1,0
BRDA:4,16,0,0
BRDA:4,16,1,0
BRDA:6,17,0,0
BRDA:6,17,1,0
BRF:37
BRH:0
end_of_record
TN:
SF:/Users/adrian/Mobile/starter/app/constants/Colors.js
FNF:0
FNH:0
DA:1,0
LF:1
LH:0
BRF:0
BRH:0
end_of_record
TN:
SF:/Users/adrian/Mobile/starter/app/constants/Layout.js
FNF:0
FNH:0
DA:1,0
DA:3,0
DA:4,0
LF:3
LH:0
BRF:0
BRH:0
end_of_record
TN:
SF:/Users/adrian/Mobile/starter/app/navigation/AppWithNavigationState.js
FN:12,_interopRequireDefault
FN:16,AppWithNavigationState
FN:24,mapStateToProps
FNF:3
FNH:0
FNDA:0,_interopRequireDefault
FNDA:0,AppWithNavigationState
FNDA:0,mapStateToProps
DA:1,0
DA:8,0
DA:9,0
DA:10,0
DA:11,0
DA:12,0
DA:16,0
DA:19,0
DA:24,0
DA:25,0
LF:10
LH:0
BRDA:12,0,0,0
BRDA:12,0,1,0
BRDA:12,1,0,0
BRDA:12,1,1,0
BRF:4
BRH:0
end_of_record
TN:
SF:/Users/adrian/Mobile/starter/app/navigation/MainTabNavigator.js
FN:18,_interopRequireDefault
FN:30,navigationOptions
FN:31,tabBarIcon
FNF:3
FNH:0
FNDA:0,_interopRequireDefault
FNDA:0,navigationOptions
FNDA:0,tabBarIcon
DA:1,0
DA:10,0
DA:11,0
DA:12,0
DA:13,0
DA:15,0
DA:17,0
DA:18,0
DA:30,0
DA:31,0
DA:32,0
DA:33,0
DA:34,0
DA:36,0
DA:40,0
DA:42,0
DA:47,0
LF:17
LH:0
BRDA:18,0,0,0
BRDA:18,0,1,0
BRDA:18,1,0,0
BRDA:18,1,1,0
BRDA:34,2,0,0
BRDA:34,2,1,0
BRDA:37,3,0,0
BRDA:37,3,1,0
BRDA:38,4,0,0
BRDA:38,4,1,0
BRDA:43,5,0,0
BRDA:43,5,1,0
BRDA:44,6,0,0
BRDA:44,6,1,0
BRDA:52,7,0,0
BRDA:52,7,1,0
BRF:16
BRH:0
end_of_record
TN:
SF:/Users/adrian/Mobile/starter/app/navigation/RootNavigation.js
FN:1,(anonymous_0)
FN:1,defineProperties
FN:1,(anonymous_2)
FN:8,_interopRequireDefault
FN:8,_classCallCheck
FN:8,_possibleConstructorReturn
FN:8,_inherits
FN:25,(anonymous_7)
FN:25,RootNavigator
FN:48,(anonymous_9)
FN:53,componentDidMount
FN:53,componentWillUnmount
FN:53,registerForPushNotifications
FN:53,render
FNF:14
FNH:0
FNDA:0,(anonymous_0)
FNDA:0,defineProperties
FNDA:0,(anonymous_2)
FNDA:0,_interopRequireDefault
FNDA:0,_classCallCheck
FNDA:0,_possibleConstructorReturn
FNDA:0,_inherits
FNDA:0,(anonymous_7)
FNDA:0,RootNavigator
FNDA:0,(anonymous_9)
FNDA:0,componentDidMount
FNDA:0,componentWillUnmount
FNDA:0,registerForPushNotifications
FNDA:0,render
DA:1,0
DA:3,0
DA:4,0
DA:7,0
DA:8,0
DA:25,0
DA:48,0
DA:50,0
DA:53,0
DA:56,0
DA:57,0
LF:11
LH:0
BRDA:1,0,0,0
BRDA:1,0,1,0
BRDA:1,1,0,0
BRDA:1,1,1,0
BRDA:1,2,0,0
BRDA:1,2,1,0
BRDA:1,3,0,0
BRDA:1,3,1,0
BRDA:8,4,0,0
BRDA:8,4,1,0
BRDA:8,5,0,0
BRDA:8,5,1,0
BRDA:8,6,0,0
BRDA:8,6,1,0
BRDA:8,7,0,0
BRDA:8,7,1,0
BRDA:8,8,0,0
BRDA:8,8,1,0
BRDA:8,9,0,0
BRDA:8,9,1,0
BRDA:8,9,2,0
BRDA:8,10,0,0
BRDA:8,10,1,0
BRDA:8,11,0,0
BRDA:8,11,1,0
BRDA:8,12,0,0
BRDA:8,12,1,0
BRDA:8,13,0,0
BRDA:8,13,1,0
BRDA:8,14,0,0
BRDA:8,14,1,0
BRDA:25,15,0,0
BRDA:25,15,1,0
BRDA:53,16,0,0
BRDA:53,16,1,0
BRF:35
BRH:0
end_of_record
TN:
SF:/Users/adrian/Mobile/starter/app/navigation/navReducer.js
FN:15,_interopRequireDefault
FN:15,nav
FNF:2
FNH:0
FNDA:0,_interopRequireDefault
FNDA:0,nav
DA:1,0
DA:15,0
DA:16,0
DA:17,0
DA:31,0
DA:32,0
DA:36,0
LF:7
LH:0
BRDA:15,0,0,0
BRDA:15,0,1,0
BRDA:15,1,0,0
BRDA:15,1,1,0
BRDA:15,2,0,0
BRDA:15,2,1,0
BRDA:15,3,0,0
BRDA:15,3,1,0
BRDA:17,4,0,0
BRDA:36,5,0,0
BRDA:36,5,1,0
BRF:11
BRH:0
end_of_record
TN:
SF:/Users/adrian/Mobile/starter/app/redux/configureStore.js
FN:15,configureStore
FNF:1
FNH:1
FNDA:2,configureStore
DA:11,1
DA:16,2
DA:23,2
LF:3
LH:3
BRF:0
BRH:0
end_of_record
TN:
SF:/Users/adrian/Mobile/starter/app/redux/modules/instructions.js
FNF:0
FNH:0
LF:0
LH:0
BRF:0
BRH:0
end_of_record
TN:
SF:/Users/adrian/Mobile/starter/app/screens/HomeScreen.js
FN:1,(anonymous_0)
FN:1,(anonymous_1)
FN:1,defineProperties
FN:1,(anonymous_3)
FN:20,_interopRequireDefault
FN:20,_classCallCheck
FN:20,_possibleConstructorReturn
FN:20,_inherits
FN:22,(anonymous_8)
FN:22,HomeScreen
FN:50,(anonymous_10)
FN:56,(anonymous_11)
FN:60,maybeRenderDevelopmentModeWarning
FN:60,render
FNF:14
FNH:0
FNDA:0,(anonymous_0)
FNDA:0,(anonymous_1)
FNDA:0,defineProperties
FNDA:0,(anonymous_3)
FNDA:0,_interopRequireDefault
FNDA:0,_classCallCheck
FNDA:0,_possibleConstructorReturn
FNDA:0,_inherits
FNDA:0,(anonymous_8)
FNDA:0,HomeScreen
FNDA:0,(anonymous_10)
FNDA:0,(anonymous_11)
FNDA:0,maybeRenderDevelopmentModeWarning
FNDA:0,render
DA:1,0
DA:8,0
DA:9,0
DA:18,0
DA:20,0
DA:22,0
DA:51,0
DA:57,0
DA:60,0
DA:63,0
DA:125,0
DA:128,0
LF:12
LH:0
BRDA:1,0,0,0
BRDA:1,0,1,0
BRDA:1,1,0,0
BRDA:1,1,1,0
BRDA:1,2,0,0
BRDA:1,2,1,0
BRDA:1,3,0,0
BRDA:1,3,1,0
BRDA:1,4,0,0
BRDA:1,4,1,0
BRDA:1,5,0,0
BRDA:1,5,1,0
BRDA:20,6,0,0
BRDA:20,6,1,0
BRDA:20,7,0,0
BRDA:20,7,1,0
BRDA:20,8,0,0
BRDA:20,8,1,0
BRDA:20,9,0,0
BRDA:20,9,1,0
BRDA:20,10,0,0
BRDA:20,10,1,0
BRDA:20,11,0,0
BRDA:20,11,1,0
BRDA:20,11,2,0
BRDA:20,12,0,0
BRDA:20,12,1,0
BRDA:20,13,0,0
BRDA:20,13,1,0
BRDA:20,14,0,0
BRDA:20,14,1,0
BRDA:20,15,0,0
BRDA:20,15,1,0
BRDA:20,16,0,0
BRDA:20,16,1,0
BRDA:22,17,0,0
BRDA:22,17,1,0
BRDA:60,18,0,0
BRDA:60,18,1,0
BRDA:72,19,0,0
BRDA:72,19,1,0
BRF:41
BRH:0
end_of_record
TN:
SF:/Users/adrian/Mobile/starter/app/screens/InfoScreen.js
FN:1,(anonymous_0)
FN:1,defineProperties
FN:1,(anonymous_2)
FN:2,_interopRequireDefault
FN:2,_classCallCheck
FN:2,_possibleConstructorReturn
FN:2,_inherits
FN:5,square
FN:11,(anonymous_8)
FN:11,InfoScreen
FN:11,render
FNF:11
FNH:0
FNDA:0,(anonymous_0)
FNDA:0,defineProperties
FNDA:0,(anonymous_2)
FNDA:0,_interopRequireDefault
FNDA:0,_classCallCheck
FNDA:0,_possibleConstructorReturn
FNDA:0,_inherits
FNDA:0,square
FNDA:0,(anonymous_8)
FNDA:0,InfoScreen
FNDA:0,render
DA:1,0
DA:2,0
DA:6,0
DA:9,0
DA:11,0
DA:19,0
DA:20,0
LF:7
LH:0
BRDA:1,0,0,0
BRDA:1,0,1,0
BRDA:1,1,0,0
BRDA:1,1,1,0
BRDA:1,2,0,0
BRDA:1,2,1,0
BRDA:1,3,0,0
BRDA:1,3,1,0
BRDA:2,4,0,0
BRDA:2,4,1,0
BRDA:2,5,0,0
BRDA:2,5,1,0
BRDA:2,6,0,0
BRDA:2,6,1,0
BRDA:2,7,0,0
BRDA:2,7,1,0
BRDA:2,8,0,0
BRDA:2,8,1,0
BRDA:2,9,0,0
BRDA:2,9,1,0
BRDA:2,9,2,0
BRDA:2,10,0,0
BRDA:2,10,1,0
BRDA:2,11,0,0
BRDA:2,11,1,0
BRDA:2,12,0,0
BRDA:2,12,1,0
BRDA:2,13,0,0
BRDA:2,13,1,0
BRDA:2,14,0,0
BRDA:2,14,1,0
BRDA:11,15,0,0
BRDA:11,15,1,0
BRF:33
BRH:0
end_of_record
TN:
SF:/Users/adrian/Mobile/starter/components/StyledText.js
FN:7,(anonymous_0)
FNF:1
FNH:1
FNDA:5,(anonymous_0)
DA:8,5
LF:1
LH:1
BRF:0
BRH:0
end_of_record
TN:
SF:/Users/adrian/Mobile/starter/constants/Colors.js
FNF:0
FNH:0
DA:1,1
LF:1
LH:1
BRF:0
BRH:0
end_of_record
TN:
SF:/Users/adrian/Mobile/starter/navigation/AppWithNavigationState.js
FN:16,(anonymous_0)
FN:24,(anonymous_1)
FNF:2
FNH:2
FNDA:2,(anonymous_0)
FNDA:2,(anonymous_1)
DA:16,1
DA:17,2
DA:19,1
DA:24,2
LF:4
LH:4
BRF:0
BRH:0
end_of_record
TN:
SF:/Users/adrian/Mobile/starter/navigation/MainTabNavigator.js
FN:30,(anonymous_0)
FN:31,(anonymous_1)
FNF:2
FNH:2
FNDA:14,(anonymous_0)
FNDA:8,(anonymous_1)
DA:30,14
DA:32,8
DA:34,8
DA:36,4
DA:40,4
DA:42,4
DA:47,8
LF:7
LH:7
BRDA:34,0,0,4
BRDA:34,0,1,4
BRDA:37,1,0,4
BRDA:37,1,1,0
BRDA:38,2,0,2
BRDA:38,2,1,2
BRDA:43,3,0,4
BRDA:43,3,1,0
BRDA:44,4,0,2
BRDA:44,4,1,2
BRDA:52,5,0,4
BRDA:52,5,1,4
BRF:12
BRH:10
end_of_record
TN:
SF:/Users/adrian/Mobile/starter/navigation/RootNavigation.js
FN:26,(anonymous_0)
FN:30,(anonymous_1)
FN:35,(anonymous_2)
FN:48,(anonymous_3)
FN:55,(anonymous_4)
FNF:5
FNH:3
FNDA:2,(anonymous_0)
FNDA:0,(anonymous_1)
FNDA:2,(anonymous_2)
FNDA:0,(anonymous_3)
FNDA:2,(anonymous_4)
DA:27,2
DA:32,0
DA:40,2
DA:43,2
DA:50,0
DA:56,2
LF:6
LH:4
BRDA:32,0,0,0
BRDA:32,0,1,0
BRF:2
BRH:0
end_of_record
TN:
SF:/Users/adrian/Mobile/starter/navigation/navReducer.js
FN:15,nav
FNF:1
FNH:1
FNDA:4,nav
DA:7,1
DA:8,1
DA:10,1
DA:17,4
DA:31,4
DA:32,4
DA:36,4
LF:7
LH:7
BRDA:15,0,0,4
BRDA:17,1,0,4
BRDA:36,2,0,4
BRDA:36,2,1,0
BRF:4
BRH:3
end_of_record
TN:
SF:/Users/adrian/Mobile/starter/screens/HomeScreen.js
FN:27,(anonymous_0)
FN:50,(anonymous_1)
FN:56,(anonymous_2)
FN:62,(anonymous_3)
FNF:4
FNH:2
FNDA:2,(anonymous_0)
FNDA:0,(anonymous_1)
FNDA:0,(anonymous_2)
FNDA:2,(anonymous_3)
DA:28,2
DA:30,2
DA:35,2
DA:42,0
DA:51,0
DA:57,0
DA:63,2
DA:128,1
LF:8
LH:5
BRDA:28,0,0,2
BRDA:28,0,1,0
BRDA:72,1,0,2
BRDA:72,1,1,0
BRF:4
BRH:2
end_of_record
TN:
SF:/Users/adrian/Mobile/starter/screens/InfoScreen.js
FN:5,square
FN:16,(anonymous_1)
FNF:2
FNH:1
FNDA:1,square
FNDA:0,(anonymous_1)
DA:6,1
DA:9,1
DA:19,0
LF:3
LH:2
BRF:0
BRH:0
end_of_record
